{"C:\\Users\\jpsie\\phitnest\\phitnest-api-clean\\src\\app.ts": {"path":"C:\\Users\\jpsie\\phitnest\\phitnest-api-clean\\src\\app.ts","statementMap":{"0":{"start":{"line":1,"column":0},"end":{"line":1,"column":56}},"1":{"start":{"line":2,"column":0},"end":{"line":2,"column":75}},"2":{"start":{"line":3,"column":0},"end":{"line":3,"column":67}},"3":{"start":{"line":4,"column":0},"end":{"line":4,"column":28}},"4":{"start":{"line":5,"column":0},"end":{"line":5,"column":16}},"5":{"start":{"line":8,"column":2},"end":{"line":8,"column":63}},"6":{"start":{"line":7,"column":0},"end":{"line":7,"column":22}},"7":{"start":{"line":12,"column":2},"end":{"line":12,"column":52}},"8":{"start":{"line":11,"column":0},"end":{"line":11,"column":22}}},"fnMap":{"0":{"name":"start","decl":{"start":{"line":7,"column":22},"end":{"line":7,"column":27}},"loc":{"start":{"line":7,"column":27},"end":{"line":9,"column":null}}},"1":{"name":"stop","decl":{"start":{"line":11,"column":22},"end":{"line":11,"column":26}},"loc":{"start":{"line":11,"column":26},"end":{"line":13,"column":null}}}},"branchMap":{},"s":{"0":7,"1":7,"2":7,"3":7,"4":7,"5":7,"6":7,"7":7,"8":7},"f":{"0":7,"1":7},"b":{}}
,"C:\\Users\\jpsie\\phitnest\\phitnest-api-clean\\src\\adapters\\controllers\\implementations\\auth.controller.ts": {"path":"C:\\Users\\jpsie\\phitnest\\phitnest-api-clean\\src\\adapters\\controllers\\implementations\\auth.controller.ts","statementMap":{"0":{"start":{"line":1,"column":0},"end":{"line":1,"column":47}},"1":{"start":{"line":2,"column":0},"end":{"line":2,"column":24}},"2":{"start":{"line":3,"column":0},"end":{"line":3,"column":64}},"3":{"start":{"line":9,"column":7},"end":{"line":36,"column":null}},"4":{"start":{"line":13,"column":4},"end":{"line":13,"column":37}},"5":{"start":{"line":17,"column":4},"end":{"line":34,"column":null}},"6":{"start":{"line":18,"column":34},"end":{"line":23,"column":29}},"7":{"start":{"line":24,"column":21},"end":{"line":24,"column":69}},"8":{"start":{"line":25,"column":6},"end":{"line":25,"column":51}},"9":{"start":{"line":27,"column":6},"end":{"line":33,"column":null}},"10":{"start":{"line":28,"column":8},"end":{"line":28,"column":48}},"11":{"start":{"line":29,"column":13},"end":{"line":33,"column":null}},"12":{"start":{"line":30,"column":8},"end":{"line":30,"column":62}},"13":{"start":{"line":32,"column":8},"end":{"line":32,"column":41}},"14":{"start":{"line":9,"column":13},"end":{"line":36,"column":null}},"15":{"start":{"line":9,"column":13},"end":{"line":9,"column":27}}},"fnMap":{"0":{"name":"(anonymous_11)","decl":{"start":{"line":12,"column":2},"end":{"line":12,"column":15}},"loc":{"start":{"line":12,"column":65},"end":{"line":14,"column":3}}},"1":{"name":"(anonymous_12)","decl":{"start":{"line":16,"column":8},"end":{"line":16,"column":13}},"loc":{"start":{"line":16,"column":43},"end":{"line":35,"column":null}}}},"branchMap":{"0":{"loc":{"start":{"line":27,"column":6},"end":{"line":33,"column":null}},"type":"if","locations":[{"start":{"line":27,"column":6},"end":{"line":33,"column":null}},{"start":{"line":29,"column":13},"end":{"line":33,"column":null}}]},"1":{"loc":{"start":{"line":29,"column":13},"end":{"line":33,"column":null}},"type":"if","locations":[{"start":{"line":29,"column":13},"end":{"line":33,"column":null}},{"start":{"line":31,"column":13},"end":{"line":33,"column":null}}]}},"s":{"0":7,"1":7,"2":7,"3":7,"4":7,"5":0,"6":0,"7":0,"8":0,"9":0,"10":0,"11":0,"12":0,"13":0,"14":7,"15":7},"f":{"0":7,"1":0},"b":{"0":[0,0],"1":[0,0]}}
,"C:\\Users\\jpsie\\phitnest\\phitnest-api-clean\\src\\adapters\\controllers\\implementations\\gym.controller.ts": {"path":"C:\\Users\\jpsie\\phitnest\\phitnest-api-clean\\src\\adapters\\controllers\\implementations\\gym.controller.ts","statementMap":{"0":{"start":{"line":1,"column":0},"end":{"line":1,"column":47}},"1":{"start":{"line":2,"column":0},"end":{"line":2,"column":24}},"2":{"start":{"line":3,"column":0},"end":{"line":3,"column":64}},"3":{"start":{"line":12,"column":25},"end":{"line":17,"column":2}},"4":{"start":{"line":20,"column":7},"end":{"line":93,"column":null}},"5":{"start":{"line":31,"column":4},"end":{"line":31,"column":39}},"6":{"start":{"line":32,"column":4},"end":{"line":32,"column":55}},"7":{"start":{"line":33,"column":4},"end":{"line":33,"column":45}},"8":{"start":{"line":37,"column":4},"end":{"line":51,"column":null}},"9":{"start":{"line":38,"column":32},"end":{"line":40,"column":29}},"10":{"start":{"line":41,"column":18},"end":{"line":41,"column":68}},"11":{"start":{"line":42,"column":6},"end":{"line":42,"column":39}},"12":{"start":{"line":44,"column":6},"end":{"line":50,"column":null}},"13":{"start":{"line":45,"column":8},"end":{"line":45,"column":48}},"14":{"start":{"line":46,"column":13},"end":{"line":50,"column":null}},"15":{"start":{"line":47,"column":8},"end":{"line":47,"column":62}},"16":{"start":{"line":49,"column":8},"end":{"line":49,"column":41}},"17":{"start":{"line":55,"column":4},"end":{"line":78,"column":null}},"18":{"start":{"line":56,"column":56},"end":{"line":63,"column":29}},"19":{"start":{"line":64,"column":19},"end":{"line":67,"column":null}},"20":{"start":{"line":69,"column":6},"end":{"line":69,"column":40}},"21":{"start":{"line":71,"column":6},"end":{"line":77,"column":null}},"22":{"start":{"line":72,"column":8},"end":{"line":72,"column":48}},"23":{"start":{"line":73,"column":13},"end":{"line":77,"column":null}},"24":{"start":{"line":74,"column":8},"end":{"line":74,"column":62}},"25":{"start":{"line":76,"column":8},"end":{"line":76,"column":41}},"26":{"start":{"line":82,"column":4},"end":{"line":91,"column":null}},"27":{"start":{"line":83,"column":18},"end":{"line":83,"column":69}},"28":{"start":{"line":84,"column":6},"end":{"line":84,"column":39}},"29":{"start":{"line":86,"column":6},"end":{"line":90,"column":null}},"30":{"start":{"line":87,"column":8},"end":{"line":87,"column":62}},"31":{"start":{"line":89,"column":8},"end":{"line":89,"column":41}},"32":{"start":{"line":20,"column":13},"end":{"line":93,"column":null}},"33":{"start":{"line":20,"column":13},"end":{"line":20,"column":26}}},"fnMap":{"0":{"name":"(anonymous_11)","decl":{"start":{"line":25,"column":2},"end":{"line":25,"column":null}},"loc":{"start":{"line":29,"column":67},"end":{"line":34,"column":3}}},"1":{"name":"(anonymous_12)","decl":{"start":{"line":36,"column":8},"end":{"line":36,"column":14}},"loc":{"start":{"line":36,"column":44},"end":{"line":52,"column":null}}},"2":{"name":"(anonymous_14)","decl":{"start":{"line":54,"column":8},"end":{"line":54,"column":18}},"loc":{"start":{"line":54,"column":48},"end":{"line":79,"column":null}}},"3":{"name":"(anonymous_16)","decl":{"start":{"line":81,"column":8},"end":{"line":81,"column":11}},"loc":{"start":{"line":81,"column":62},"end":{"line":92,"column":null}}}},"branchMap":{"0":{"loc":{"start":{"line":44,"column":6},"end":{"line":50,"column":null}},"type":"if","locations":[{"start":{"line":44,"column":6},"end":{"line":50,"column":null}},{"start":{"line":46,"column":13},"end":{"line":50,"column":null}}]},"1":{"loc":{"start":{"line":46,"column":13},"end":{"line":50,"column":null}},"type":"if","locations":[{"start":{"line":46,"column":13},"end":{"line":50,"column":null}},{"start":{"line":48,"column":13},"end":{"line":50,"column":null}}]},"2":{"loc":{"start":{"line":71,"column":6},"end":{"line":77,"column":null}},"type":"if","locations":[{"start":{"line":71,"column":6},"end":{"line":77,"column":null}},{"start":{"line":73,"column":13},"end":{"line":77,"column":null}}]},"3":{"loc":{"start":{"line":73,"column":13},"end":{"line":77,"column":null}},"type":"if","locations":[{"start":{"line":73,"column":13},"end":{"line":77,"column":null}},{"start":{"line":75,"column":13},"end":{"line":77,"column":null}}]},"4":{"loc":{"start":{"line":86,"column":6},"end":{"line":90,"column":null}},"type":"if","locations":[{"start":{"line":86,"column":6},"end":{"line":90,"column":null}},{"start":{"line":88,"column":13},"end":{"line":90,"column":null}}]}},"s":{"0":7,"1":7,"2":7,"3":7,"4":7,"5":7,"6":7,"7":7,"8":8,"9":8,"10":3,"11":2,"12":6,"13":5,"14":1,"15":1,"16":0,"17":6,"18":6,"19":3,"20":3,"21":3,"22":3,"23":0,"24":0,"25":0,"26":0,"27":0,"28":0,"29":0,"30":0,"31":0,"32":7,"33":7},"f":{"0":7,"1":8,"2":6,"3":0},"b":{"0":[5,1],"1":[1,0],"2":[3,0],"3":[0,0],"4":[0,0]}}
,"C:\\Users\\jpsie\\phitnest\\phitnest-api-clean\\src\\adapters\\controllers\\implementations\\index.ts": {"path":"C:\\Users\\jpsie\\phitnest\\phitnest-api-clean\\src\\adapters\\controllers\\implementations\\index.ts","statementMap":{"0":{"start":{"line":1,"column":0},"end":{"line":1,"column":9}},"1":{"start":{"line":1,"column":9},"end":{"line":1,"column":49}},"2":{"start":{"line":2,"column":0},"end":{"line":2,"column":9}},"3":{"start":{"line":2,"column":9},"end":{"line":2,"column":51}},"4":{"start":{"line":3,"column":0},"end":{"line":3,"column":9}},"5":{"start":{"line":3,"column":9},"end":{"line":3,"column":51}}},"fnMap":{"0":{"name":"(anonymous_0)","decl":{"start":{"line":1,"column":9},"end":{"line":1,"column":22}},"loc":{"start":{"line":1,"column":9},"end":{"line":1,"column":49}}},"1":{"name":"(anonymous_1)","decl":{"start":{"line":2,"column":9},"end":{"line":2,"column":23}},"loc":{"start":{"line":2,"column":9},"end":{"line":2,"column":51}}},"2":{"name":"(anonymous_2)","decl":{"start":{"line":3,"column":9},"end":{"line":3,"column":23}},"loc":{"start":{"line":3,"column":9},"end":{"line":3,"column":51}}}},"branchMap":{},"s":{"0":7,"1":15,"2":7,"3":15,"4":7,"5":15},"f":{"0":8,"1":8,"2":8},"b":{}}
,"C:\\Users\\jpsie\\phitnest\\phitnest-api-clean\\src\\adapters\\controllers\\implementations\\user.controller.ts": {"path":"C:\\Users\\jpsie\\phitnest\\phitnest-api-clean\\src\\adapters\\controllers\\implementations\\user.controller.ts","statementMap":{"0":{"start":{"line":1,"column":0},"end":{"line":1,"column":47}},"1":{"start":{"line":2,"column":0},"end":{"line":2,"column":64}},"2":{"start":{"line":11,"column":7},"end":{"line":58,"column":null}},"3":{"start":{"line":19,"column":4},"end":{"line":19,"column":41}},"4":{"start":{"line":20,"column":4},"end":{"line":20,"column":41}},"5":{"start":{"line":24,"column":4},"end":{"line":39,"column":null}},"6":{"start":{"line":25,"column":20},"end":{"line":25,"column":72}},"7":{"start":{"line":26,"column":6},"end":{"line":32,"column":null}},"8":{"start":{"line":27,"column":8},"end":{"line":27,"column":43}},"9":{"start":{"line":29,"column":8},"end":{"line":31,"column":65}},"10":{"start":{"line":34,"column":6},"end":{"line":38,"column":null}},"11":{"start":{"line":35,"column":8},"end":{"line":35,"column":62}},"12":{"start":{"line":37,"column":8},"end":{"line":37,"column":41}},"13":{"start":{"line":43,"column":4},"end":{"line":56,"column":null}},"14":{"start":{"line":44,"column":19},"end":{"line":44,"column":71}},"15":{"start":{"line":45,"column":6},"end":{"line":49,"column":null}},"16":{"start":{"line":46,"column":8},"end":{"line":46,"column":42}},"17":{"start":{"line":48,"column":8},"end":{"line":48,"column":74}},"18":{"start":{"line":51,"column":6},"end":{"line":55,"column":null}},"19":{"start":{"line":52,"column":8},"end":{"line":52,"column":62}},"20":{"start":{"line":54,"column":8},"end":{"line":54,"column":41}},"21":{"start":{"line":11,"column":13},"end":{"line":58,"column":null}},"22":{"start":{"line":11,"column":13},"end":{"line":11,"column":27}}},"fnMap":{"0":{"name":"(anonymous_11)","decl":{"start":{"line":15,"column":2},"end":{"line":15,"column":null}},"loc":{"start":{"line":17,"column":61},"end":{"line":21,"column":3}}},"1":{"name":"(anonymous_12)","decl":{"start":{"line":23,"column":8},"end":{"line":23,"column":15}},"loc":{"start":{"line":23,"column":66},"end":{"line":40,"column":null}}},"2":{"name":"(anonymous_14)","decl":{"start":{"line":42,"column":8},"end":{"line":42,"column":11}},"loc":{"start":{"line":42,"column":62},"end":{"line":57,"column":null}}}},"branchMap":{"0":{"loc":{"start":{"line":26,"column":6},"end":{"line":32,"column":null}},"type":"if","locations":[{"start":{"line":26,"column":6},"end":{"line":32,"column":null}},{"start":{"line":28,"column":13},"end":{"line":32,"column":null}}]},"1":{"loc":{"start":{"line":34,"column":6},"end":{"line":38,"column":null}},"type":"if","locations":[{"start":{"line":34,"column":6},"end":{"line":38,"column":null}},{"start":{"line":36,"column":13},"end":{"line":38,"column":null}}]},"2":{"loc":{"start":{"line":45,"column":6},"end":{"line":49,"column":null}},"type":"if","locations":[{"start":{"line":45,"column":6},"end":{"line":49,"column":null}},{"start":{"line":47,"column":13},"end":{"line":49,"column":null}}]},"3":{"loc":{"start":{"line":51,"column":6},"end":{"line":55,"column":null}},"type":"if","locations":[{"start":{"line":51,"column":6},"end":{"line":55,"column":null}},{"start":{"line":53,"column":13},"end":{"line":55,"column":null}}]}},"s":{"0":7,"1":7,"2":7,"3":7,"4":7,"5":0,"6":0,"7":0,"8":0,"9":0,"10":0,"11":0,"12":0,"13":0,"14":0,"15":0,"16":0,"17":0,"18":0,"19":0,"20":0,"21":7,"22":7},"f":{"0":7,"1":0,"2":0},"b":{"0":[0,0],"1":[0,0],"2":[0,0],"3":[0,0]}}
,"C:\\Users\\jpsie\\phitnest\\phitnest-api-clean\\src\\adapters\\middleware\\implementations\\auth.middleware.ts": {"path":"C:\\Users\\jpsie\\phitnest\\phitnest-api-clean\\src\\adapters\\middleware\\implementations\\auth.middleware.ts","statementMap":{"0":{"start":{"line":1,"column":0},"end":{"line":1,"column":47}},"1":{"start":{"line":2,"column":0},"end":{"line":2,"column":64}},"2":{"start":{"line":8,"column":7},"end":{"line":33,"column":null}},"3":{"start":{"line":14,"column":4},"end":{"line":14,"column":44}},"4":{"start":{"line":22,"column":4},"end":{"line":30,"column":null}},"5":{"start":{"line":23,"column":21},"end":{"line":24,"column":null}},"6":{"start":{"line":26,"column":6},"end":{"line":29,"column":null}},"7":{"start":{"line":27,"column":8},"end":{"line":27,"column":35}},"8":{"start":{"line":28,"column":8},"end":{"line":28,"column":22}},"9":{"start":{"line":31,"column":4},"end":{"line":31,"column":45}},"10":{"start":{"line":8,"column":13},"end":{"line":33,"column":null}},"11":{"start":{"line":8,"column":13},"end":{"line":8,"column":27}}},"fnMap":{"0":{"name":"(anonymous_11)","decl":{"start":{"line":11,"column":2},"end":{"line":11,"column":null}},"loc":{"start":{"line":12,"column":69},"end":{"line":15,"column":3}}},"1":{"name":"(anonymous_12)","decl":{"start":{"line":17,"column":8},"end":{"line":17,"column":20}},"loc":{"start":{"line":20,"column":32},"end":{"line":32,"column":null}}}},"branchMap":{"0":{"loc":{"start":{"line":22,"column":4},"end":{"line":30,"column":null}},"type":"if","locations":[{"start":{"line":22,"column":4},"end":{"line":30,"column":null}}]},"1":{"loc":{"start":{"line":26,"column":6},"end":{"line":29,"column":null}},"type":"if","locations":[{"start":{"line":26,"column":6},"end":{"line":29,"column":null}}]}},"s":{"0":7,"1":7,"2":7,"3":8,"4":3,"5":3,"6":3,"7":1,"8":1,"9":2,"10":7,"11":7},"f":{"0":8,"1":3},"b":{"0":[3],"1":[1]}}
,"C:\\Users\\jpsie\\phitnest\\phitnest-api-clean\\src\\adapters\\middleware\\implementations\\index.ts": {"path":"C:\\Users\\jpsie\\phitnest\\phitnest-api-clean\\src\\adapters\\middleware\\implementations\\index.ts","statementMap":{"0":{"start":{"line":1,"column":0},"end":{"line":1,"column":9}},"1":{"start":{"line":1,"column":9},"end":{"line":1,"column":51}}},"fnMap":{"0":{"name":"(anonymous_0)","decl":{"start":{"line":1,"column":9},"end":{"line":1,"column":23}},"loc":{"start":{"line":1,"column":9},"end":{"line":1,"column":51}}}},"branchMap":{},"s":{"0":7,"1":15},"f":{"0":8},"b":{}}
,"C:\\Users\\jpsie\\phitnest\\phitnest-api-clean\\src\\common\\database.ts": {"path":"C:\\Users\\jpsie\\phitnest\\phitnest-api-clean\\src\\common\\database.ts","statementMap":{"0":{"start":{"line":1,"column":0},"end":{"line":1,"column":32}},"1":{"start":{"line":2,"column":0},"end":{"line":2,"column":29}},"2":{"start":{"line":5,"column":2},"end":{"line":15,"column":5}},"3":{"start":{"line":6,"column":4},"end":{"line":14,"column":7}},"4":{"start":{"line":7,"column":6},"end":{"line":13,"column":null}},"5":{"start":{"line":8,"column":8},"end":{"line":8,"column":56}},"6":{"start":{"line":9,"column":8},"end":{"line":9,"column":39}},"7":{"start":{"line":11,"column":8},"end":{"line":11,"column":39}},"8":{"start":{"line":12,"column":8},"end":{"line":12,"column":18}},"9":{"start":{"line":4,"column":0},"end":{"line":4,"column":16}},"10":{"start":{"line":19,"column":2},"end":{"line":19,"column":38}},"11":{"start":{"line":20,"column":2},"end":{"line":20,"column":30}},"12":{"start":{"line":18,"column":0},"end":{"line":18,"column":22}}},"fnMap":{"0":{"name":"connect","decl":{"start":{"line":4,"column":16},"end":{"line":4,"column":23}},"loc":{"start":{"line":4,"column":23},"end":{"line":16,"column":1}}},"1":{"name":"(anonymous_9)","decl":{"start":{"line":5,"column":27},"end":{"line":5,"column":28}},"loc":{"start":{"line":5,"column":47},"end":{"line":15,"column":3}}},"2":{"name":"(anonymous_10)","decl":{"start":{"line":6,"column":55},"end":{"line":6,"column":56}},"loc":{"start":{"line":6,"column":63},"end":{"line":14,"column":5}}},"3":{"name":"disconnect","decl":{"start":{"line":18,"column":22},"end":{"line":18,"column":32}},"loc":{"start":{"line":18,"column":32},"end":{"line":21,"column":null}}}},"branchMap":{"0":{"loc":{"start":{"line":7,"column":6},"end":{"line":13,"column":null}},"type":"if","locations":[{"start":{"line":7,"column":6},"end":{"line":13,"column":null}},{"start":{"line":10,"column":13},"end":{"line":13,"column":null}}]}},"s":{"0":7,"1":7,"2":7,"3":7,"4":7,"5":0,"6":0,"7":7,"8":7,"9":7,"10":7,"11":7,"12":7},"f":{"0":7,"1":7,"2":7,"3":7},"b":{"0":[0,7]}}
,"C:\\Users\\jpsie\\phitnest\\phitnest-api-clean\\src\\common\\dependency-injection.ts": {"path":"C:\\Users\\jpsie\\phitnest\\phitnest-api-clean\\src\\common\\dependency-injection.ts","statementMap":{"0":{"start":{"line":1,"column":0},"end":{"line":1,"column":26}},"1":{"start":{"line":2,"column":0},"end":{"line":2,"column":38}},"2":{"start":{"line":4,"column":13},"end":{"line":10,"column":2}},"3":{"start":{"line":12,"column":13},"end":{"line":20,"column":2}},"4":{"start":{"line":22,"column":13},"end":{"line":24,"column":2}},"5":{"start":{"line":26,"column":13},"end":{"line":30,"column":2}},"6":{"start":{"line":42,"column":0},"end":{"line":42,"column":null}},"7":{"start":{"line":60,"column":0},"end":{"line":60,"column":null}},"8":{"start":{"line":72,"column":0},"end":{"line":72,"column":72}},"9":{"start":{"line":80,"column":0},"end":{"line":80,"column":null}},"10":{"start":{"line":86,"column":0},"end":{"line":86,"column":29}},"11":{"start":{"line":91,"column":2},"end":{"line":91,"column":27}},"12":{"start":{"line":90,"column":0},"end":{"line":90,"column":16}},"13":{"start":{"line":95,"column":2},"end":{"line":97,"column":null}},"14":{"start":{"line":95,"column":15},"end":{"line":95,"column":16}},"15":{"start":{"line":96,"column":4},"end":{"line":96,"column":52}},"16":{"start":{"line":98,"column":2},"end":{"line":98,"column":19}},"17":{"start":{"line":94,"column":0},"end":{"line":94,"column":16}},"18":{"start":{"line":102,"column":2},"end":{"line":104,"column":null}},"19":{"start":{"line":102,"column":15},"end":{"line":102,"column":16}},"20":{"start":{"line":103,"column":4},"end":{"line":103,"column":55}},"21":{"start":{"line":105,"column":2},"end":{"line":107,"column":null}},"22":{"start":{"line":105,"column":15},"end":{"line":105,"column":16}},"23":{"start":{"line":106,"column":4},"end":{"line":106,"column":55}},"24":{"start":{"line":108,"column":2},"end":{"line":108,"column":22}},"25":{"start":{"line":101,"column":0},"end":{"line":101,"column":16}},"26":{"start":{"line":112,"column":2},"end":{"line":114,"column":47}},"27":{"start":{"line":115,"column":2},"end":{"line":117,"column":50}},"28":{"start":{"line":118,"column":2},"end":{"line":120,"column":48}},"29":{"start":{"line":121,"column":2},"end":{"line":123,"column":56}},"30":{"start":{"line":124,"column":2},"end":{"line":126,"column":50}},"31":{"start":{"line":130,"column":2},"end":{"line":130,"column":71}},"32":{"start":{"line":131,"column":2},"end":{"line":133,"column":31}},"33":{"start":{"line":134,"column":2},"end":{"line":136,"column":29}},"34":{"start":{"line":137,"column":2},"end":{"line":137,"column":74}},"35":{"start":{"line":138,"column":2},"end":{"line":138,"column":74}},"36":{"start":{"line":139,"column":2},"end":{"line":139,"column":80}},"37":{"start":{"line":140,"column":2},"end":{"line":140,"column":68}},"38":{"start":{"line":144,"column":2},"end":{"line":144,"column":74}},"39":{"start":{"line":145,"column":2},"end":{"line":147,"column":24}},"40":{"start":{"line":148,"column":2},"end":{"line":148,"column":71}},"41":{"start":{"line":149,"column":2},"end":{"line":149,"column":74}},"42":{"start":{"line":153,"column":2},"end":{"line":156,"column":5}},"43":{"start":{"line":158,"column":2},"end":{"line":158,"column":23}},"44":{"start":{"line":159,"column":2},"end":{"line":159,"column":19}},"45":{"start":{"line":160,"column":2},"end":{"line":160,"column":22}},"46":{"start":{"line":162,"column":2},"end":{"line":162,"column":48}},"47":{"start":{"line":152,"column":0},"end":{"line":152,"column":16}}},"fnMap":{"0":{"name":"unbind","decl":{"start":{"line":90,"column":16},"end":{"line":90,"column":22}},"loc":{"start":{"line":90,"column":22},"end":{"line":92,"column":1}}},"1":{"name":"rebindUseCases","decl":{"start":{"line":94,"column":16},"end":{"line":94,"column":30}},"loc":{"start":{"line":94,"column":30},"end":{"line":99,"column":1}}},"2":{"name":"rebindControllers","decl":{"start":{"line":101,"column":16},"end":{"line":101,"column":33}},"loc":{"start":{"line":101,"column":33},"end":{"line":109,"column":1}}},"3":{"name":"injectRepositories","decl":{"start":{"line":111,"column":9},"end":{"line":111,"column":27}},"loc":{"start":{"line":111,"column":27},"end":{"line":127,"column":1}}},"4":{"name":"injectUseCases","decl":{"start":{"line":129,"column":9},"end":{"line":129,"column":23}},"loc":{"start":{"line":129,"column":23},"end":{"line":141,"column":1}}},"5":{"name":"injectControllers","decl":{"start":{"line":143,"column":9},"end":{"line":143,"column":26}},"loc":{"start":{"line":143,"column":26},"end":{"line":150,"column":1}}},"6":{"name":"injectDependencies","decl":{"start":{"line":152,"column":16},"end":{"line":152,"column":34}},"loc":{"start":{"line":152,"column":34},"end":{"line":163,"column":1}}}},"branchMap":{},"s":{"0":7,"1":7,"2":7,"3":7,"4":7,"5":7,"6":7,"7":7,"8":7,"9":7,"10":7,"11":7,"12":7,"13":0,"14":0,"15":0,"16":0,"17":7,"18":1,"19":1,"20":3,"21":1,"22":1,"23":1,"24":1,"25":7,"26":7,"27":7,"28":7,"29":7,"30":7,"31":7,"32":7,"33":7,"34":7,"35":7,"36":7,"37":7,"38":8,"39":8,"40":8,"41":8,"42":7,"43":7,"44":7,"45":7,"46":7,"47":7},"f":{"0":7,"1":0,"2":1,"3":7,"4":7,"5":8,"6":7},"b":{}}
,"C:\\Users\\jpsie\\phitnest\\phitnest-api-clean\\src\\common\\logger.ts": {"path":"C:\\Users\\jpsie\\phitnest\\phitnest-api-clean\\src\\common\\logger.ts","statementMap":{"0":{"start":{"line":1,"column":0},"end":{"line":1,"column":24}},"1":{"start":{"line":3,"column":10},"end":{"line":6,"column":2}},"2":{"start":{"line":8,"column":9},"end":{"line":8,"column":10}}},"fnMap":{},"branchMap":{},"s":{"0":7,"1":7,"2":7},"f":{},"b":{}}
,"C:\\Users\\jpsie\\phitnest\\phitnest-api-clean\\src\\common\\express\\controller.ts": {"path":"C:\\Users\\jpsie\\phitnest\\phitnest-api-clean\\src\\common\\express\\controller.ts","statementMap":{"0":{"start":{"line":2,"column":0},"end":{"line":2,"column":36}},"1":{"start":{"line":3,"column":0},"end":{"line":3,"column":38}},"2":{"start":{"line":10,"column":2},"end":{"line":12,"column":4}},"3":{"start":{"line":11,"column":4},"end":{"line":11,"column":58}},"4":{"start":{"line":9,"column":0},"end":{"line":9,"column":16}}},"fnMap":{"0":{"name":"buildController","decl":{"start":{"line":9,"column":16},"end":{"line":9,"column":31}},"loc":{"start":{"line":9,"column":54},"end":{"line":13,"column":1}}},"1":{"name":"(anonymous_8)","decl":{"start":{"line":10,"column":9},"end":{"line":10,"column":25}},"loc":{"start":{"line":10,"column":68},"end":{"line":12,"column":4}}}},"branchMap":{},"s":{"0":7,"1":7,"2":42,"3":0,"4":7},"f":{"0":42,"1":0},"b":{}}
,"C:\\Users\\jpsie\\phitnest\\phitnest-api-clean\\src\\common\\express\\middleware.ts": {"path":"C:\\Users\\jpsie\\phitnest\\phitnest-api-clean\\src\\common\\express\\middleware.ts","statementMap":{"0":{"start":{"line":2,"column":0},"end":{"line":2,"column":36}},"1":{"start":{"line":3,"column":0},"end":{"line":3,"column":38}},"2":{"start":{"line":10,"column":2},"end":{"line":19,"column":4}},"3":{"start":{"line":12,"column":6},"end":{"line":18,"column":null}},"4":{"start":{"line":17,"column":8},"end":{"line":17,"column":68}},"5":{"start":{"line":9,"column":0},"end":{"line":9,"column":16}}},"fnMap":{"0":{"name":"buildMiddleware","decl":{"start":{"line":9,"column":16},"end":{"line":9,"column":31}},"loc":{"start":{"line":9,"column":57},"end":{"line":20,"column":1}}},"1":{"name":"(anonymous_8)","decl":{"start":{"line":11,"column":4},"end":{"line":11,"column":5}},"loc":{"start":{"line":12,"column":6},"end":{"line":18,"column":null}}},"2":{"name":"(anonymous_9)","decl":{"start":{"line":12,"column":6},"end":{"line":12,"column":null}},"loc":{"start":{"line":15,"column":34},"end":{"line":18,"column":null}}}},"branchMap":{},"s":{"0":7,"1":7,"2":42,"3":28,"4":0,"5":7},"f":{"0":42,"1":28,"2":0},"b":{}}
,"C:\\Users\\jpsie\\phitnest\\phitnest-api-clean\\src\\common\\express\\request.ts": {"path":"C:\\Users\\jpsie\\phitnest\\phitnest-api-clean\\src\\common\\express\\request.ts","statementMap":{"0":{"start":{"line":12,"column":4},"end":{"line":12,"column":41}},"1":{"start":{"line":16,"column":4},"end":{"line":19,"column":null}},"2":{"start":{"line":23,"column":4},"end":{"line":23,"column":59}},"3":{"start":{"line":8,"column":0},"end":{"line":8,"column":13}}},"fnMap":{"0":{"name":"(anonymous_0)","decl":{"start":{"line":11,"column":2},"end":{"line":11,"column":14}},"loc":{"start":{"line":11,"column":45},"end":{"line":13,"column":3}}},"1":{"name":"(anonymous_1)","decl":{"start":{"line":15,"column":2},"end":{"line":15,"column":9}},"loc":{"start":{"line":15,"column":9},"end":{"line":21,"column":3}}},"2":{"name":"(anonymous_2)","decl":{"start":{"line":22,"column":2},"end":{"line":22,"column":15}},"loc":{"start":{"line":22,"column":15},"end":{"line":24,"column":3}}}},"branchMap":{"0":{"loc":{"start":{"line":23,"column":11},"end":{"line":23,"column":58}},"type":"cond-expr","locations":[{"start":{"line":23,"column":52},"end":{"line":23,"column":56}},{"start":{"line":23,"column":56},"end":{"line":23,"column":58}}]},"1":{"loc":{"start":{"line":23,"column":11},"end":{"line":23,"column":56}},"type":"binary-expr","locations":[{"start":{"line":23,"column":11},"end":{"line":23,"column":56}},{"start":{"line":23,"column":52},"end":{"line":23,"column":56}}]}},"s":{"0":0,"1":0,"2":0,"3":7},"f":{"0":0,"1":0,"2":0},"b":{"0":[0,0],"1":[0,0]}}
,"C:\\Users\\jpsie\\phitnest\\phitnest-api-clean\\src\\common\\express\\response.ts": {"path":"C:\\Users\\jpsie\\phitnest\\phitnest-api-clean\\src\\common\\express\\response.ts","statementMap":{"0":{"start":{"line":15,"column":4},"end":{"line":15,"column":43}},"1":{"start":{"line":16,"column":4},"end":{"line":16,"column":55}},"2":{"start":{"line":17,"column":4},"end":{"line":17,"column":20}},"3":{"start":{"line":21,"column":4},"end":{"line":21,"column":21}},"4":{"start":{"line":22,"column":4},"end":{"line":22,"column":38}},"5":{"start":{"line":23,"column":4},"end":{"line":23,"column":16}},"6":{"start":{"line":27,"column":4},"end":{"line":27,"column":27}},"7":{"start":{"line":28,"column":4},"end":{"line":28,"column":39}},"8":{"start":{"line":29,"column":4},"end":{"line":29,"column":16}},"9":{"start":{"line":8,"column":0},"end":{"line":8,"column":13}}},"fnMap":{"0":{"name":"(anonymous_0)","decl":{"start":{"line":14,"column":2},"end":{"line":14,"column":14}},"loc":{"start":{"line":14,"column":47},"end":{"line":18,"column":3}}},"1":{"name":"(anonymous_1)","decl":{"start":{"line":20,"column":2},"end":{"line":20,"column":8}},"loc":{"start":{"line":20,"column":21},"end":{"line":24,"column":3}}},"2":{"name":"(anonymous_2)","decl":{"start":{"line":26,"column":2},"end":{"line":26,"column":6}},"loc":{"start":{"line":26,"column":19},"end":{"line":30,"column":3}}}},"branchMap":{},"s":{"0":0,"1":0,"2":0,"3":0,"4":0,"5":0,"6":0,"7":0,"8":0,"9":7},"f":{"0":0,"1":0,"2":0},"b":{}}
,"C:\\Users\\jpsie\\phitnest\\phitnest-api-clean\\src\\common\\express\\routes.ts": {"path":"C:\\Users\\jpsie\\phitnest\\phitnest-api-clean\\src\\common\\express\\routes.ts","statementMap":{"0":{"start":{"line":1,"column":0},"end":{"line":1,"column":33}},"1":{"start":{"line":3,"column":0},"end":{"line":3,"column":66}},"2":{"start":{"line":4,"column":0},"end":{"line":4,"column":58}},"3":{"start":{"line":5,"column":0},"end":{"line":5,"column":47}},"4":{"start":{"line":6,"column":0},"end":{"line":6,"column":47}},"5":{"start":{"line":9,"column":17},"end":{"line":9,"column":25}},"6":{"start":{"line":10,"column":2},"end":{"line":10,"column":54}},"7":{"start":{"line":11,"column":2},"end":{"line":11,"column":55}},"8":{"start":{"line":12,"column":2},"end":{"line":12,"column":55}},"9":{"start":{"line":13,"column":2},"end":{"line":13,"column":16}},"10":{"start":{"line":8,"column":0},"end":{"line":8,"column":16}},"11":{"start":{"line":17,"column":2},"end":{"line":30,"column":5}},"12":{"start":{"line":18,"column":24},"end":{"line":18,"column":58}},"13":{"start":{"line":19,"column":23},"end":{"line":19,"column":56}},"14":{"start":{"line":20,"column":4},"end":{"line":29,"column":null}},"15":{"start":{"line":22,"column":8},"end":{"line":22,"column":70}},"16":{"start":{"line":24,"column":8},"end":{"line":24,"column":71}},"17":{"start":{"line":26,"column":8},"end":{"line":26,"column":70}},"18":{"start":{"line":28,"column":8},"end":{"line":28,"column":73}}},"fnMap":{"0":{"name":"buildRoutes","decl":{"start":{"line":8,"column":16},"end":{"line":8,"column":27}},"loc":{"start":{"line":8,"column":51},"end":{"line":14,"column":1}}},"1":{"name":"buildRoute","decl":{"start":{"line":16,"column":9},"end":{"line":16,"column":19}},"loc":{"start":{"line":16,"column":58},"end":{"line":31,"column":1}}},"2":{"name":"(anonymous_2)","decl":{"start":{"line":17,"column":24},"end":{"line":17,"column":25}},"loc":{"start":{"line":17,"column":34},"end":{"line":30,"column":3}}}},"branchMap":{"0":{"loc":{"start":{"line":20,"column":4},"end":{"line":29,"column":null}},"type":"switch","locations":[{"start":{"line":21,"column":6},"end":{"line":22,"column":70}},{"start":{"line":23,"column":6},"end":{"line":24,"column":71}},{"start":{"line":25,"column":6},"end":{"line":26,"column":70}},{"start":{"line":27,"column":6},"end":{"line":28,"column":73}}]}},"s":{"0":7,"1":7,"2":7,"3":7,"4":7,"5":7,"6":7,"7":7,"8":7,"9":7,"10":7,"11":21,"12":42,"13":42,"14":42,"15":28,"16":14,"17":0,"18":0},"f":{"0":7,"1":21,"2":42},"b":{"0":[28,14,0,0]}}
,"C:\\Users\\jpsie\\phitnest\\phitnest-api-clean\\src\\common\\express\\server.ts": {"path":"C:\\Users\\jpsie\\phitnest\\phitnest-api-clean\\src\\common\\express\\server.ts","statementMap":{"0":{"start":{"line":1,"column":0},"end":{"line":1,"column":37}},"1":{"start":{"line":2,"column":0},"end":{"line":2,"column":30}},"2":{"start":{"line":3,"column":0},"end":{"line":3,"column":24}},"3":{"start":{"line":4,"column":0},"end":{"line":4,"column":28}},"4":{"start":{"line":5,"column":0},"end":{"line":5,"column":30}},"5":{"start":{"line":6,"column":0},"end":{"line":6,"column":55}},"6":{"start":{"line":7,"column":0},"end":{"line":7,"column":39}},"7":{"start":{"line":12,"column":14},"end":{"line":12,"column":23}},"8":{"start":{"line":13,"column":2},"end":{"line":13,"column":29}},"9":{"start":{"line":14,"column":2},"end":{"line":14,"column":25}},"10":{"start":{"line":15,"column":2},"end":{"line":15,"column":37}},"11":{"start":{"line":16,"column":2},"end":{"line":16,"column":34}},"12":{"start":{"line":17,"column":2},"end":{"line":22,"column":5}},"13":{"start":{"line":18,"column":4},"end":{"line":21,"column":7}},"14":{"start":{"line":19,"column":6},"end":{"line":19,"column":60}},"15":{"start":{"line":20,"column":6},"end":{"line":20,"column":22}},"16":{"start":{"line":11,"column":0},"end":{"line":11,"column":16}},"17":{"start":{"line":26,"column":2},"end":{"line":26,"column":24}},"18":{"start":{"line":25,"column":0},"end":{"line":25,"column":16}}},"fnMap":{"0":{"name":"createServer","decl":{"start":{"line":11,"column":16},"end":{"line":11,"column":28}},"loc":{"start":{"line":11,"column":28},"end":{"line":23,"column":1}}},"1":{"name":"(anonymous_2)","decl":{"start":{"line":17,"column":21},"end":{"line":17,"column":22}},"loc":{"start":{"line":17,"column":33},"end":{"line":22,"column":3}}},"2":{"name":"(anonymous_3)","decl":{"start":{"line":18,"column":36},"end":{"line":18,"column":39}},"loc":{"start":{"line":18,"column":41},"end":{"line":21,"column":5}}},"3":{"name":"stopServer","decl":{"start":{"line":25,"column":16},"end":{"line":25,"column":26}},"loc":{"start":{"line":25,"column":26},"end":{"line":27,"column":1}}}},"branchMap":{},"s":{"0":7,"1":7,"2":7,"3":7,"4":7,"5":7,"6":7,"7":7,"8":7,"9":7,"10":7,"11":7,"12":7,"13":7,"14":7,"15":7,"16":7,"17":7,"18":7},"f":{"0":7,"1":7,"2":7,"3":7},"b":{}}
,"C:\\Users\\jpsie\\phitnest\\phitnest-api-clean\\src\\entities\\index.ts": {"path":"C:\\Users\\jpsie\\phitnest\\phitnest-api-clean\\src\\entities\\index.ts","statementMap":{"0":{"start":{"line":5,"column":0},"end":{"line":5,"column":30}},"1":{"start":{"line":5,"column":30},"end":{"line":5,"column":78}}},"fnMap":{"0":{"name":"(anonymous_0)","decl":{"start":{"line":5,"column":30},"end":{"line":5,"column":46}},"loc":{"start":{"line":5,"column":30},"end":{"line":5,"column":78}}}},"branchMap":{},"s":{"0":7,"1":71},"f":{"0":64},"b":{}}
,"C:\\Users\\jpsie\\phitnest\\phitnest-api-clean\\src\\entities\\relationship.entity.ts": {"path":"C:\\Users\\jpsie\\phitnest\\phitnest-api-clean\\src\\entities\\relationship.entity.ts","statementMap":{"0":{"start":{"line":1,"column":0},"end":{"line":1,"column":null}},"1":{"start":{"line":2,"column":2},"end":{"line":2,"column":null}},"2":{"start":{"line":3,"column":2},"end":{"line":3,"column":null}},"3":{"start":{"line":4,"column":2},"end":{"line":4,"column":null}}},"fnMap":{"0":{"name":"(anonymous_0)","decl":{"start":{"line":1,"column":0},"end":{"line":1,"column":12}},"loc":{"start":{"line":1,"column":28},"end":{"line":5,"column":1}}}},"branchMap":{"0":{"loc":{"start":{"line":1,"column":12},"end":{"line":1,"column":null}},"type":"binary-expr","locations":[{"start":{"line":1,"column":12},"end":{"line":1,"column":28}},{"start":{"line":1,"column":12},"end":{"line":1,"column":null}}]}},"s":{"0":7,"1":7,"2":7,"3":7},"f":{"0":7},"b":{"0":[7,7]}}
,"C:\\Users\\jpsie\\phitnest\\phitnest-api-clean\\src\\repositories\\implementations\\auth.repository.ts": {"path":"C:\\Users\\jpsie\\phitnest\\phitnest-api-clean\\src\\repositories\\implementations\\auth.repository.ts","statementMap":{"0":{"start":{"line":1,"column":0},"end":{"line":1,"column":null}},"1":{"start":{"line":10,"column":0},"end":{"line":10,"column":40}},"2":{"start":{"line":12,"column":0},"end":{"line":12,"column":39}},"3":{"start":{"line":13,"column":0},"end":{"line":13,"column":30}},"4":{"start":{"line":15,"column":17},"end":{"line":18,"column":2}},"5":{"start":{"line":21,"column":7},"end":{"line":227,"column":null}},"6":{"start":{"line":23,"column":17},"end":{"line":23,"column":73}},"7":{"start":{"line":24,"column":4},"end":{"line":44,"column":7}},"8":{"start":{"line":25,"column":6},"end":{"line":43,"column":null}},"9":{"start":{"line":26,"column":8},"end":{"line":35,"column":11}},"10":{"start":{"line":28,"column":12},"end":{"line":28,"column":75}},"11":{"start":{"line":29,"column":12},"end":{"line":29,"column":22}},"12":{"start":{"line":32,"column":12},"end":{"line":32,"column":74}},"13":{"start":{"line":33,"column":12},"end":{"line":33,"column":24}},"14":{"start":{"line":40,"column":8},"end":{"line":40,"column":23}},"15":{"start":{"line":41,"column":8},"end":{"line":41,"column":56}},"16":{"start":{"line":42,"column":8},"end":{"line":42,"column":18}},"17":{"start":{"line":48,"column":17},"end":{"line":51,"column":6}},"18":{"start":{"line":52,"column":4},"end":{"line":70,"column":7}},"19":{"start":{"line":53,"column":6},"end":{"line":69,"column":8}},"20":{"start":{"line":60,"column":12},"end":{"line":60,"column":62}},"21":{"start":{"line":61,"column":12},"end":{"line":61,"column":60}},"22":{"start":{"line":64,"column":12},"end":{"line":64,"column":76}},"23":{"start":{"line":65,"column":12},"end":{"line":65,"column":25}},"24":{"start":{"line":66,"column":12},"end":{"line":66,"column":26}},"25":{"start":{"line":74,"column":17},"end":{"line":74,"column":69}},"26":{"start":{"line":75,"column":4},"end":{"line":86,"column":7}},"27":{"start":{"line":76,"column":6},"end":{"line":85,"column":9}},"28":{"start":{"line":77,"column":8},"end":{"line":84,"column":null}},"29":{"start":{"line":78,"column":10},"end":{"line":78,"column":75}},"30":{"start":{"line":79,"column":10},"end":{"line":79,"column":23}},"31":{"start":{"line":80,"column":10},"end":{"line":80,"column":22}},"32":{"start":{"line":82,"column":10},"end":{"line":82,"column":64}},"33":{"start":{"line":83,"column":10},"end":{"line":83,"column":20}},"34":{"start":{"line":90,"column":17},"end":{"line":90,"column":69}},"35":{"start":{"line":91,"column":4},"end":{"line":102,"column":7}},"36":{"start":{"line":92,"column":6},"end":{"line":101,"column":9}},"37":{"start":{"line":93,"column":8},"end":{"line":100,"column":null}},"38":{"start":{"line":94,"column":10},"end":{"line":94,"column":71}},"39":{"start":{"line":95,"column":10},"end":{"line":95,"column":23}},"40":{"start":{"line":96,"column":10},"end":{"line":96,"column":22}},"41":{"start":{"line":98,"column":10},"end":{"line":98,"column":62}},"42":{"start":{"line":99,"column":10},"end":{"line":99,"column":20}},"43":{"start":{"line":106,"column":17},"end":{"line":106,"column":69}},"44":{"start":{"line":107,"column":4},"end":{"line":119,"column":7}},"45":{"start":{"line":108,"column":6},"end":{"line":118,"column":9}},"46":{"start":{"line":110,"column":10},"end":{"line":110,"column":56}},"47":{"start":{"line":111,"column":10},"end":{"line":111,"column":20}},"48":{"start":{"line":114,"column":10},"end":{"line":114,"column":66}},"49":{"start":{"line":115,"column":10},"end":{"line":115,"column":23}},"50":{"start":{"line":116,"column":10},"end":{"line":116,"column":22}},"51":{"start":{"line":123,"column":24},"end":{"line":126,"column":6}},"52":{"start":{"line":127,"column":4},"end":{"line":139,"column":7}},"53":{"start":{"line":128,"column":6},"end":{"line":138,"column":9}},"54":{"start":{"line":130,"column":10},"end":{"line":130,"column":60}},"55":{"start":{"line":131,"column":10},"end":{"line":131,"column":20}},"56":{"start":{"line":134,"column":10},"end":{"line":134,"column":71}},"57":{"start":{"line":135,"column":10},"end":{"line":135,"column":23}},"58":{"start":{"line":136,"column":10},"end":{"line":136,"column":22}},"59":{"start":{"line":143,"column":4},"end":{"line":165,"column":7}},"60":{"start":{"line":144,"column":6},"end":{"line":164,"column":8}},"61":{"start":{"line":155,"column":10},"end":{"line":162,"column":null}},"62":{"start":{"line":156,"column":12},"end":{"line":156,"column":68}},"63":{"start":{"line":157,"column":12},"end":{"line":157,"column":25}},"64":{"start":{"line":158,"column":12},"end":{"line":158,"column":26}},"65":{"start":{"line":160,"column":12},"end":{"line":160,"column":59}},"66":{"start":{"line":161,"column":12},"end":{"line":161,"column":47}},"67":{"start":{"line":169,"column":17},"end":{"line":169,"column":73}},"68":{"start":{"line":170,"column":4},"end":{"line":181,"column":7}},"69":{"start":{"line":171,"column":6},"end":{"line":180,"column":9}},"70":{"start":{"line":172,"column":8},"end":{"line":179,"column":null}},"71":{"start":{"line":173,"column":10},"end":{"line":173,"column":57}},"72":{"start":{"line":174,"column":10},"end":{"line":174,"column":23}},"73":{"start":{"line":175,"column":10},"end":{"line":175,"column":25}},"74":{"start":{"line":177,"column":10},"end":{"line":177,"column":47}},"75":{"start":{"line":178,"column":10},"end":{"line":178,"column":24}},"76":{"start":{"line":185,"column":17},"end":{"line":185,"column":69}},"77":{"start":{"line":186,"column":4},"end":{"line":202,"column":7}},"78":{"start":{"line":187,"column":6},"end":{"line":201,"column":8}},"79":{"start":{"line":192,"column":10},"end":{"line":199,"column":null}},"80":{"start":{"line":193,"column":12},"end":{"line":193,"column":79}},"81":{"start":{"line":194,"column":12},"end":{"line":194,"column":25}},"82":{"start":{"line":195,"column":12},"end":{"line":195,"column":26}},"83":{"start":{"line":197,"column":12},"end":{"line":197,"column":70}},"84":{"start":{"line":198,"column":12},"end":{"line":198,"column":60}},"85":{"start":{"line":206,"column":31},"end":{"line":208,"column":6}},"86":{"start":{"line":209,"column":17},"end":{"line":212,"column":6}},"87":{"start":{"line":213,"column":4},"end":{"line":225,"column":7}},"88":{"start":{"line":214,"column":6},"end":{"line":224,"column":9}},"89":{"start":{"line":215,"column":8},"end":{"line":223,"column":null}},"90":{"start":{"line":216,"column":28},"end":{"line":216,"column":46}},"91":{"start":{"line":217,"column":10},"end":{"line":217,"column":53}},"92":{"start":{"line":218,"column":10},"end":{"line":218,"column":29}},"93":{"start":{"line":220,"column":10},"end":{"line":220,"column":58}},"94":{"start":{"line":221,"column":10},"end":{"line":221,"column":53}},"95":{"start":{"line":222,"column":10},"end":{"line":222,"column":24}},"96":{"start":{"line":21,"column":13},"end":{"line":227,"column":null}},"97":{"start":{"line":21,"column":13},"end":{"line":21,"column":34}}},"fnMap":{"0":{"name":"(anonymous_1)","decl":{"start":{"line":22,"column":2},"end":{"line":22,"column":9}},"loc":{"start":{"line":22,"column":48},"end":{"line":45,"column":3}}},"1":{"name":"(anonymous_2)","decl":{"start":{"line":24,"column":29},"end":{"line":24,"column":30}},"loc":{"start":{"line":24,"column":49},"end":{"line":44,"column":5}}},"2":{"name":"(anonymous_3)","decl":{"start":{"line":27,"column":21},"end":{"line":27,"column":24}},"loc":{"start":{"line":27,"column":26},"end":{"line":30,"column":11}}},"3":{"name":"(anonymous_4)","decl":{"start":{"line":31,"column":21},"end":{"line":31,"column":22}},"loc":{"start":{"line":31,"column":29},"end":{"line":34,"column":11}}},"4":{"name":"(anonymous_5)","decl":{"start":{"line":47,"column":2},"end":{"line":47,"column":7}},"loc":{"start":{"line":47,"column":39},"end":{"line":71,"column":3}}},"5":{"name":"(anonymous_6)","decl":{"start":{"line":52,"column":38},"end":{"line":52,"column":39}},"loc":{"start":{"line":52,"column":58},"end":{"line":70,"column":5}}},"6":{"name":"(anonymous_7)","decl":{"start":{"line":59,"column":21},"end":{"line":59,"column":22}},"loc":{"start":{"line":59,"column":33},"end":{"line":62,"column":11}}},"7":{"name":"(anonymous_8)","decl":{"start":{"line":63,"column":21},"end":{"line":63,"column":22}},"loc":{"start":{"line":63,"column":29},"end":{"line":67,"column":11}}},"8":{"name":"(anonymous_9)","decl":{"start":{"line":73,"column":2},"end":{"line":73,"column":24}},"loc":{"start":{"line":73,"column":38},"end":{"line":87,"column":3}}},"9":{"name":"(anonymous_10)","decl":{"start":{"line":75,"column":29},"end":{"line":75,"column":30}},"loc":{"start":{"line":75,"column":49},"end":{"line":86,"column":5}}},"10":{"name":"(anonymous_11)","decl":{"start":{"line":76,"column":34},"end":{"line":76,"column":35}},"loc":{"start":{"line":76,"column":42},"end":{"line":85,"column":7}}},"11":{"name":"(anonymous_12)","decl":{"start":{"line":89,"column":2},"end":{"line":89,"column":17}},"loc":{"start":{"line":89,"column":45},"end":{"line":103,"column":3}}},"12":{"name":"(anonymous_13)","decl":{"start":{"line":91,"column":29},"end":{"line":91,"column":30}},"loc":{"start":{"line":91,"column":49},"end":{"line":102,"column":5}}},"13":{"name":"(anonymous_14)","decl":{"start":{"line":92,"column":43},"end":{"line":92,"column":44}},"loc":{"start":{"line":92,"column":51},"end":{"line":101,"column":7}}},"14":{"name":"(anonymous_15)","decl":{"start":{"line":105,"column":2},"end":{"line":105,"column":22}},"loc":{"start":{"line":105,"column":68},"end":{"line":120,"column":3}}},"15":{"name":"(anonymous_16)","decl":{"start":{"line":107,"column":29},"end":{"line":107,"column":30}},"loc":{"start":{"line":107,"column":49},"end":{"line":119,"column":5}}},"16":{"name":"(anonymous_17)","decl":{"start":{"line":109,"column":19},"end":{"line":109,"column":22}},"loc":{"start":{"line":109,"column":24},"end":{"line":112,"column":9}}},"17":{"name":"(anonymous_18)","decl":{"start":{"line":113,"column":19},"end":{"line":113,"column":20}},"loc":{"start":{"line":113,"column":27},"end":{"line":117,"column":9}}},"18":{"name":"(anonymous_19)","decl":{"start":{"line":122,"column":2},"end":{"line":122,"column":16}},"loc":{"start":{"line":122,"column":30},"end":{"line":140,"column":3}}},"19":{"name":"(anonymous_20)","decl":{"start":{"line":127,"column":29},"end":{"line":127,"column":30}},"loc":{"start":{"line":127,"column":49},"end":{"line":139,"column":5}}},"20":{"name":"(anonymous_21)","decl":{"start":{"line":129,"column":19},"end":{"line":129,"column":22}},"loc":{"start":{"line":129,"column":24},"end":{"line":132,"column":9}}},"21":{"name":"(anonymous_22)","decl":{"start":{"line":133,"column":19},"end":{"line":133,"column":20}},"loc":{"start":{"line":133,"column":27},"end":{"line":137,"column":9}}},"22":{"name":"(anonymous_23)","decl":{"start":{"line":142,"column":2},"end":{"line":142,"column":14}},"loc":{"start":{"line":142,"column":46},"end":{"line":166,"column":3}}},"23":{"name":"(anonymous_24)","decl":{"start":{"line":143,"column":38},"end":{"line":143,"column":39}},"loc":{"start":{"line":143,"column":58},"end":{"line":165,"column":5}}},"24":{"name":"(anonymous_25)","decl":{"start":{"line":154,"column":8},"end":{"line":154,"column":9}},"loc":{"start":{"line":154,"column":24},"end":{"line":163,"column":9}}},"25":{"name":"(anonymous_26)","decl":{"start":{"line":168,"column":2},"end":{"line":168,"column":12}},"loc":{"start":{"line":168,"column":30},"end":{"line":182,"column":3}}},"26":{"name":"(anonymous_27)","decl":{"start":{"line":170,"column":32},"end":{"line":170,"column":33}},"loc":{"start":{"line":170,"column":52},"end":{"line":181,"column":5}}},"27":{"name":"(anonymous_28)","decl":{"start":{"line":171,"column":22},"end":{"line":171,"column":23}},"loc":{"start":{"line":171,"column":30},"end":{"line":180,"column":7}}},"28":{"name":"(anonymous_29)","decl":{"start":{"line":184,"column":2},"end":{"line":184,"column":20}},"loc":{"start":{"line":184,"column":56},"end":{"line":203,"column":3}}},"29":{"name":"(anonymous_30)","decl":{"start":{"line":186,"column":38},"end":{"line":186,"column":39}},"loc":{"start":{"line":186,"column":58},"end":{"line":202,"column":5}}},"30":{"name":"(anonymous_31)","decl":{"start":{"line":191,"column":8},"end":{"line":191,"column":9}},"loc":{"start":{"line":191,"column":59},"end":{"line":200,"column":9}}},"31":{"name":"(anonymous_32)","decl":{"start":{"line":205,"column":2},"end":{"line":205,"column":14}},"loc":{"start":{"line":205,"column":34},"end":{"line":226,"column":3}}},"32":{"name":"(anonymous_33)","decl":{"start":{"line":213,"column":38},"end":{"line":213,"column":39}},"loc":{"start":{"line":213,"column":58},"end":{"line":225,"column":5}}},"33":{"name":"(anonymous_34)","decl":{"start":{"line":214,"column":22},"end":{"line":214,"column":23}},"loc":{"start":{"line":214,"column":73},"end":{"line":224,"column":7}}}},"branchMap":{"0":{"loc":{"start":{"line":25,"column":6},"end":{"line":43,"column":null}},"type":"if","locations":[{"start":{"line":25,"column":6},"end":{"line":43,"column":null}},{"start":{"line":36,"column":13},"end":{"line":43,"column":null}}]},"1":{"loc":{"start":{"line":77,"column":8},"end":{"line":84,"column":null}},"type":"if","locations":[{"start":{"line":77,"column":8},"end":{"line":84,"column":null}},{"start":{"line":81,"column":15},"end":{"line":84,"column":null}}]},"2":{"loc":{"start":{"line":93,"column":8},"end":{"line":100,"column":null}},"type":"if","locations":[{"start":{"line":93,"column":8},"end":{"line":100,"column":null}},{"start":{"line":97,"column":15},"end":{"line":100,"column":null}}]},"3":{"loc":{"start":{"line":155,"column":10},"end":{"line":162,"column":null}},"type":"if","locations":[{"start":{"line":155,"column":10},"end":{"line":162,"column":null}},{"start":{"line":159,"column":17},"end":{"line":162,"column":null}}]},"4":{"loc":{"start":{"line":155,"column":14},"end":{"line":155,"column":28}},"type":"binary-expr","locations":[{"start":{"line":155,"column":14},"end":{"line":155,"column":17}},{"start":{"line":155,"column":21},"end":{"line":155,"column":28}}]},"5":{"loc":{"start":{"line":172,"column":8},"end":{"line":179,"column":null}},"type":"if","locations":[{"start":{"line":172,"column":8},"end":{"line":179,"column":null}},{"start":{"line":176,"column":15},"end":{"line":179,"column":null}}]},"6":{"loc":{"start":{"line":192,"column":10},"end":{"line":199,"column":null}},"type":"if","locations":[{"start":{"line":192,"column":10},"end":{"line":199,"column":null}},{"start":{"line":196,"column":17},"end":{"line":199,"column":null}}]},"7":{"loc":{"start":{"line":215,"column":8},"end":{"line":223,"column":null}},"type":"if","locations":[{"start":{"line":215,"column":8},"end":{"line":223,"column":null}},{"start":{"line":219,"column":15},"end":{"line":223,"column":null}}]},"8":{"loc":{"start":{"line":221,"column":18},"end":{"line":221,"column":51}},"type":"cond-expr","locations":[{"start":{"line":221,"column":30},"end":{"line":221,"column":34}},{"start":{"line":221,"column":34},"end":{"line":221,"column":51}}]},"9":{"loc":{"start":{"line":221,"column":18},"end":{"line":221,"column":34}},"type":"binary-expr","locations":[{"start":{"line":221,"column":18},"end":{"line":221,"column":34}},{"start":{"line":221,"column":30},"end":{"line":221,"column":34}}]},"10":{"loc":{"start":{"line":221,"column":18},"end":{"line":221,"column":30}},"type":"cond-expr","locations":[{"start":{"line":221,"column":21},"end":{"line":221,"column":23}},{"start":{"line":221,"column":18},"end":{"line":221,"column":30}}]},"11":{"loc":{"start":{"line":221,"column":18},"end":{"line":221,"column":23}},"type":"binary-expr","locations":[{"start":{"line":221,"column":18},"end":{"line":221,"column":23}},{"start":{"line":221,"column":18},"end":{"line":221,"column":23}}]}},"s":{"0":7,"1":7,"2":7,"3":7,"4":7,"5":7,"6":0,"7":0,"8":0,"9":0,"10":0,"11":0,"12":0,"13":0,"14":0,"15":0,"16":0,"17":0,"18":0,"19":0,"20":0,"21":0,"22":0,"23":0,"24":0,"25":0,"26":0,"27":0,"28":0,"29":0,"30":0,"31":0,"32":0,"33":0,"34":0,"35":0,"36":0,"37":0,"38":0,"39":0,"40":0,"41":0,"42":0,"43":0,"44":0,"45":0,"46":0,"47":0,"48":0,"49":0,"50":0,"51":0,"52":0,"53":0,"54":0,"55":0,"56":0,"57":0,"58":0,"59":0,"60":0,"61":0,"62":0,"63":0,"64":0,"65":0,"66":0,"67":0,"68":0,"69":0,"70":0,"71":0,"72":0,"73":0,"74":0,"75":0,"76":0,"77":0,"78":0,"79":0,"80":0,"81":0,"82":0,"83":0,"84":0,"85":0,"86":0,"87":0,"88":0,"89":0,"90":0,"91":0,"92":0,"93":0,"94":0,"95":0,"96":7,"97":7},"f":{"0":0,"1":0,"2":0,"3":0,"4":0,"5":0,"6":0,"7":0,"8":0,"9":0,"10":0,"11":0,"12":0,"13":0,"14":0,"15":0,"16":0,"17":0,"18":0,"19":0,"20":0,"21":0,"22":0,"23":0,"24":0,"25":0,"26":0,"27":0,"28":0,"29":0,"30":0,"31":0,"32":0,"33":0},"b":{"0":[0,0],"1":[0,0],"2":[0,0],"3":[0,0],"4":[0,0],"5":[0,0],"6":[0,0],"7":[0,0],"8":[0,0],"9":[0,0],"10":[0,0],"11":[0,0]}}
,"C:\\Users\\jpsie\\phitnest\\phitnest-api-clean\\src\\repositories\\implementations\\gym.repository.ts": {"path":"C:\\Users\\jpsie\\phitnest\\phitnest-api-clean\\src\\repositories\\implementations\\gym.repository.ts","statementMap":{"0":{"start":{"line":1,"column":0},"end":{"line":1,"column":39}},"1":{"start":{"line":2,"column":0},"end":{"line":2,"column":32}},"2":{"start":{"line":5,"column":0},"end":{"line":5,"column":46}},"3":{"start":{"line":7,"column":13},"end":{"line":7,"column":42}},"4":{"start":{"line":8,"column":13},"end":{"line":8,"column":36}},"5":{"start":{"line":10,"column":15},"end":{"line":26,"column":null}},"6":{"start":{"line":29,"column":0},"end":{"line":29,"column":39}},"7":{"start":{"line":31,"column":13},"end":{"line":31,"column":75}},"8":{"start":{"line":34,"column":7},"end":{"line":81,"column":null}},"9":{"start":{"line":36,"column":4},"end":{"line":40,"column":7}},"10":{"start":{"line":44,"column":20},"end":{"line":59,"column":6}},"11":{"start":{"line":60,"column":4},"end":{"line":60,"column":29}},"12":{"start":{"line":64,"column":4},"end":{"line":79,"column":null}},"13":{"start":{"line":65,"column":20},"end":{"line":75,"column":27}},"14":{"start":{"line":76,"column":6},"end":{"line":76,"column":26}},"15":{"start":{"line":78,"column":6},"end":{"line":78,"column":16}},"16":{"start":{"line":34,"column":13},"end":{"line":81,"column":null}},"17":{"start":{"line":34,"column":13},"end":{"line":34,"column":31}}},"fnMap":{"0":{"name":"(anonymous_9)","decl":{"start":{"line":35,"column":2},"end":{"line":35,"column":8}},"loc":{"start":{"line":35,"column":73},"end":{"line":41,"column":3}}},"1":{"name":"(anonymous_10)","decl":{"start":{"line":43,"column":8},"end":{"line":43,"column":11}},"loc":{"start":{"line":43,"column":29},"end":{"line":61,"column":null}}},"2":{"name":"(anonymous_12)","decl":{"start":{"line":63,"column":8},"end":{"line":63,"column":18}},"loc":{"start":{"line":63,"column":77},"end":{"line":80,"column":null}}}},"branchMap":{"0":{"loc":{"start":{"line":64,"column":4},"end":{"line":79,"column":null}},"type":"if","locations":[{"start":{"line":64,"column":4},"end":{"line":79,"column":null}},{"start":{"line":77,"column":11},"end":{"line":79,"column":null}}]},"1":{"loc":{"start":{"line":75,"column":15},"end":{"line":75,"column":26}},"type":"cond-expr","locations":[{"start":{"line":75,"column":15},"end":{"line":75,"column":21}},{"start":{"line":75,"column":25},"end":{"line":75,"column":26}}]},"2":{"loc":{"start":{"line":75,"column":15},"end":{"line":75,"column":25}},"type":"binary-expr","locations":[{"start":{"line":75,"column":15},"end":{"line":75,"column":25}},{"start":{"line":75,"column":15},"end":{"line":75,"column":25}}]}},"s":{"0":7,"1":7,"2":7,"3":7,"4":7,"5":7,"6":7,"7":7,"8":7,"9":11,"10":2,"11":2,"12":8,"13":7,"14":7,"15":1,"16":7,"17":7},"f":{"0":11,"1":2,"2":8},"b":{"0":[7,1],"1":[2,5],"2":[7,7]}}
,"C:\\Users\\jpsie\\phitnest\\phitnest-api-clean\\src\\repositories\\implementations\\index.ts": {"path":"C:\\Users\\jpsie\\phitnest\\phitnest-api-clean\\src\\repositories\\implementations\\index.ts","statementMap":{"0":{"start":{"line":1,"column":0},"end":{"line":1,"column":9}},"1":{"start":{"line":1,"column":9},"end":{"line":1,"column":56}},"2":{"start":{"line":2,"column":0},"end":{"line":2,"column":9}},"3":{"start":{"line":2,"column":9},"end":{"line":2,"column":54}},"4":{"start":{"line":3,"column":0},"end":{"line":3,"column":9}},"5":{"start":{"line":3,"column":9},"end":{"line":3,"column":58}},"6":{"start":{"line":4,"column":0},"end":{"line":4,"column":9}},"7":{"start":{"line":4,"column":9},"end":{"line":4,"column":72}},"8":{"start":{"line":5,"column":0},"end":{"line":5,"column":9}},"9":{"start":{"line":5,"column":9},"end":{"line":5,"column":62}}},"fnMap":{"0":{"name":"(anonymous_0)","decl":{"start":{"line":1,"column":9},"end":{"line":1,"column":28}},"loc":{"start":{"line":1,"column":9},"end":{"line":1,"column":56}}},"1":{"name":"(anonymous_1)","decl":{"start":{"line":2,"column":9},"end":{"line":2,"column":27}},"loc":{"start":{"line":2,"column":9},"end":{"line":2,"column":54}}},"2":{"name":"(anonymous_2)","decl":{"start":{"line":3,"column":9},"end":{"line":3,"column":30}},"loc":{"start":{"line":3,"column":9},"end":{"line":3,"column":58}}},"3":{"name":"(anonymous_3)","decl":{"start":{"line":4,"column":9},"end":{"line":4,"column":36}},"loc":{"start":{"line":4,"column":9},"end":{"line":4,"column":72}}},"4":{"name":"(anonymous_4)","decl":{"start":{"line":5,"column":9},"end":{"line":5,"column":30}},"loc":{"start":{"line":5,"column":9},"end":{"line":5,"column":62}}}},"branchMap":{},"s":{"0":7,"1":14,"2":7,"3":14,"4":7,"5":14,"6":7,"7":14,"8":7,"9":14},"f":{"0":7,"1":7,"2":7,"3":7,"4":7},"b":{}}
,"C:\\Users\\jpsie\\phitnest\\phitnest-api-clean\\src\\repositories\\implementations\\location.repository.ts": {"path":"C:\\Users\\jpsie\\phitnest\\phitnest-api-clean\\src\\repositories\\implementations\\location.repository.ts","statementMap":{"0":{"start":{"line":2,"column":0},"end":{"line":2,"column":26}},"1":{"start":{"line":4,"column":0},"end":{"line":4,"column":39}},"2":{"start":{"line":7,"column":7},"end":{"line":33,"column":null}},"3":{"start":{"line":9,"column":21},"end":{"line":21,"column":null}},"4":{"start":{"line":23,"column":4},"end":{"line":30,"column":null}},"5":{"start":{"line":24,"column":27},"end":{"line":24,"column":43}},"6":{"start":{"line":25,"column":40},"end":{"line":28,"column":8}},"7":{"start":{"line":29,"column":6},"end":{"line":29,"column":22}},"8":{"start":{"line":31,"column":4},"end":{"line":31,"column":16}},"9":{"start":{"line":7,"column":13},"end":{"line":33,"column":null}},"10":{"start":{"line":7,"column":13},"end":{"line":7,"column":34}}},"fnMap":{"0":{"name":"(anonymous_9)","decl":{"start":{"line":8,"column":8},"end":{"line":8,"column":11}},"loc":{"start":{"line":8,"column":35},"end":{"line":32,"column":null}}}},"branchMap":{"0":{"loc":{"start":{"line":23,"column":4},"end":{"line":30,"column":null}},"type":"if","locations":[{"start":{"line":23,"column":4},"end":{"line":30,"column":null}}]},"1":{"loc":{"start":{"line":23,"column":8},"end":{"line":23,"column":49}},"type":"binary-expr","locations":[{"start":{"line":23,"column":8},"end":{"line":23,"column":21}},{"start":{"line":23,"column":25},"end":{"line":23,"column":49}}]}},"s":{"0":7,"1":7,"2":7,"3":9,"4":9,"5":6,"6":6,"7":6,"8":3,"9":7,"10":7},"f":{"0":9},"b":{"0":[6],"1":[9,9]}}
,"C:\\Users\\jpsie\\phitnest\\phitnest-api-clean\\src\\repositories\\implementations\\relationship.repository.ts": {"path":"C:\\Users\\jpsie\\phitnest\\phitnest-api-clean\\src\\repositories\\implementations\\relationship.repository.ts","statementMap":{"0":{"start":{"line":1,"column":0},"end":{"line":1,"column":39}},"1":{"start":{"line":2,"column":0},"end":{"line":2,"column":32}},"2":{"start":{"line":3,"column":0},"end":{"line":3,"column":71}},"3":{"start":{"line":5,"column":0},"end":{"line":5,"column":57}},"4":{"start":{"line":7,"column":13},"end":{"line":7,"column":60}},"5":{"start":{"line":8,"column":13},"end":{"line":8,"column":54}},"6":{"start":{"line":10,"column":15},"end":{"line":18,"column":null}},"7":{"start":{"line":21,"column":0},"end":{"line":21,"column":60}},"8":{"start":{"line":22,"column":0},"end":{"line":22,"column":37}},"9":{"start":{"line":23,"column":0},"end":{"line":23,"column":40}},"10":{"start":{"line":25,"column":13},"end":{"line":28,"column":2}},"11":{"start":{"line":31,"column":7},"end":{"line":270,"column":null}},"12":{"start":{"line":33,"column":4},"end":{"line":40,"column":6}},"13":{"start":{"line":44,"column":4},"end":{"line":48,"column":7}},"14":{"start":{"line":52,"column":4},"end":{"line":59,"column":6}},"15":{"start":{"line":63,"column":4},"end":{"line":70,"column":6}},"16":{"start":{"line":74,"column":4},"end":{"line":134,"column":14}},"17":{"start":{"line":138,"column":4},"end":{"line":198,"column":14}},"18":{"start":{"line":202,"column":4},"end":{"line":268,"column":14}},"19":{"start":{"line":31,"column":13},"end":{"line":270,"column":null}},"20":{"start":{"line":31,"column":13},"end":{"line":31,"column":40}}},"fnMap":{"0":{"name":"(anonymous_9)","decl":{"start":{"line":32,"column":8},"end":{"line":32,"column":19}},"loc":{"start":{"line":32,"column":57},"end":{"line":41,"column":null}}},"1":{"name":"(anonymous_11)","decl":{"start":{"line":43,"column":8},"end":{"line":43,"column":19}},"loc":{"start":{"line":43,"column":57},"end":{"line":49,"column":null}}},"2":{"name":"(anonymous_13)","decl":{"start":{"line":51,"column":8},"end":{"line":51,"column":21}},"loc":{"start":{"line":51,"column":59},"end":{"line":60,"column":null}}},"3":{"name":"(anonymous_15)","decl":{"start":{"line":62,"column":8},"end":{"line":62,"column":18}},"loc":{"start":{"line":62,"column":56},"end":{"line":71,"column":null}}},"4":{"name":"(anonymous_17)","decl":{"start":{"line":73,"column":2},"end":{"line":73,"column":28}},"loc":{"start":{"line":73,"column":46},"end":{"line":135,"column":3}}},"5":{"name":"(anonymous_18)","decl":{"start":{"line":137,"column":2},"end":{"line":137,"column":27}},"loc":{"start":{"line":137,"column":45},"end":{"line":199,"column":3}}},"6":{"name":"(anonymous_19)","decl":{"start":{"line":201,"column":2},"end":{"line":201,"column":12}},"loc":{"start":{"line":201,"column":30},"end":{"line":269,"column":3}}}},"branchMap":{},"s":{"0":7,"1":7,"2":7,"3":7,"4":7,"5":7,"6":7,"7":7,"8":7,"9":7,"10":7,"11":7,"12":3,"13":1,"14":6,"15":4,"16":9,"17":9,"18":8,"19":7,"20":7},"f":{"0":3,"1":1,"2":6,"3":4,"4":9,"5":9,"6":8},"b":{}}
,"C:\\Users\\jpsie\\phitnest\\phitnest-api-clean\\src\\repositories\\implementations\\user.repository.ts": {"path":"C:\\Users\\jpsie\\phitnest\\phitnest-api-clean\\src\\repositories\\implementations\\user.repository.ts","statementMap":{"0":{"start":{"line":1,"column":0},"end":{"line":1,"column":39}},"1":{"start":{"line":2,"column":0},"end":{"line":2,"column":32}},"2":{"start":{"line":3,"column":0},"end":{"line":3,"column":63}},"3":{"start":{"line":5,"column":0},"end":{"line":5,"column":50}},"4":{"start":{"line":6,"column":0},"end":{"line":6,"column":73}},"5":{"start":{"line":8,"column":13},"end":{"line":8,"column":44}},"6":{"start":{"line":9,"column":13},"end":{"line":9,"column":38}},"7":{"start":{"line":11,"column":15},"end":{"line":31,"column":null}},"8":{"start":{"line":34,"column":0},"end":{"line":34,"column":27}},"9":{"start":{"line":36,"column":13},"end":{"line":36,"column":78}},"10":{"start":{"line":39,"column":7},"end":{"line":177,"column":null}},"11":{"start":{"line":41,"column":47},"end":{"line":140,"column":6}},"12":{"start":{"line":141,"column":4},"end":{"line":145,"column":null}},"13":{"start":{"line":142,"column":6},"end":{"line":144,"column":9}},"14":{"start":{"line":146,"column":4},"end":{"line":150,"column":null}},"15":{"start":{"line":147,"column":6},"end":{"line":149,"column":9}},"16":{"start":{"line":151,"column":4},"end":{"line":151,"column":48}},"17":{"start":{"line":155,"column":4},"end":{"line":155,"column":56}},"18":{"start":{"line":159,"column":4},"end":{"line":159,"column":62}},"19":{"start":{"line":169,"column":4},"end":{"line":175,"column":7}},"20":{"start":{"line":39,"column":13},"end":{"line":177,"column":null}},"21":{"start":{"line":39,"column":13},"end":{"line":39,"column":32}}},"fnMap":{"0":{"name":"(anonymous_9)","decl":{"start":{"line":40,"column":2},"end":{"line":40,"column":14}},"loc":{"start":{"line":40,"column":65},"end":{"line":152,"column":3}}},"1":{"name":"(anonymous_10)","decl":{"start":{"line":154,"column":8},"end":{"line":154,"column":14}},"loc":{"start":{"line":154,"column":32},"end":{"line":156,"column":null}}},"2":{"name":"(anonymous_12)","decl":{"start":{"line":158,"column":8},"end":{"line":158,"column":11}},"loc":{"start":{"line":158,"column":29},"end":{"line":160,"column":null}}},"3":{"name":"(anonymous_14)","decl":{"start":{"line":162,"column":2},"end":{"line":162,"column":8}},"loc":{"start":{"line":167,"column":20},"end":{"line":176,"column":3}}}},"branchMap":{"0":{"loc":{"start":{"line":141,"column":4},"end":{"line":145,"column":null}},"type":"if","locations":[{"start":{"line":141,"column":4},"end":{"line":145,"column":null}}]},"1":{"loc":{"start":{"line":146,"column":4},"end":{"line":150,"column":null}},"type":"if","locations":[{"start":{"line":146,"column":4},"end":{"line":150,"column":null}}]}},"s":{"0":7,"1":7,"2":7,"3":7,"4":7,"5":7,"6":7,"7":7,"8":7,"9":7,"10":7,"11":9,"12":9,"13":2,"14":9,"15":2,"16":9,"17":3,"18":4,"19":10,"20":7,"21":7},"f":{"0":9,"1":3,"2":4,"3":10},"b":{"0":[2],"1":[2]}}
,"C:\\Users\\jpsie\\phitnest\\phitnest-api-clean\\src\\routers\\auth.router.ts": {"path":"C:\\Users\\jpsie\\phitnest\\phitnest-api-clean\\src\\routers\\auth.router.ts","statementMap":{"0":{"start":{"line":1,"column":0},"end":{"line":1,"column":47}},"1":{"start":{"line":4,"column":0},"end":{"line":4,"column":74}},"2":{"start":{"line":5,"column":0},"end":{"line":5,"column":54}},"3":{"start":{"line":8,"column":7},"end":{"line":24,"column":null}},"4":{"start":{"line":15,"column":4},"end":{"line":22,"column":6}},"5":{"start":{"line":8,"column":13},"end":{"line":24,"column":null}},"6":{"start":{"line":8,"column":13},"end":{"line":8,"column":23}}},"fnMap":{"0":{"name":"(anonymous_4)","decl":{"start":{"line":11,"column":2},"end":{"line":11,"column":null}},"loc":{"start":{"line":13,"column":69},"end":{"line":23,"column":3}}}},"branchMap":{},"s":{"0":7,"1":7,"2":7,"3":7,"4":7,"5":7,"6":7},"f":{"0":7},"b":{}}
,"C:\\Users\\jpsie\\phitnest\\phitnest-api-clean\\src\\routers\\gym.router.ts": {"path":"C:\\Users\\jpsie\\phitnest\\phitnest-api-clean\\src\\routers\\gym.router.ts","statementMap":{"0":{"start":{"line":1,"column":0},"end":{"line":1,"column":47}},"1":{"start":{"line":4,"column":0},"end":{"line":4,"column":74}},"2":{"start":{"line":5,"column":0},"end":{"line":5,"column":54}},"3":{"start":{"line":8,"column":7},"end":{"line":37,"column":null}},"4":{"start":{"line":15,"column":4},"end":{"line":35,"column":6}},"5":{"start":{"line":8,"column":13},"end":{"line":37,"column":null}},"6":{"start":{"line":8,"column":13},"end":{"line":8,"column":22}}},"fnMap":{"0":{"name":"(anonymous_4)","decl":{"start":{"line":11,"column":2},"end":{"line":11,"column":null}},"loc":{"start":{"line":13,"column":69},"end":{"line":36,"column":3}}}},"branchMap":{},"s":{"0":7,"1":7,"2":7,"3":7,"4":7,"5":7,"6":7},"f":{"0":7},"b":{}}
,"C:\\Users\\jpsie\\phitnest\\phitnest-api-clean\\src\\routers\\index.ts": {"path":"C:\\Users\\jpsie\\phitnest\\phitnest-api-clean\\src\\routers\\index.ts","statementMap":{"0":{"start":{"line":1,"column":0},"end":{"line":1,"column":9}},"1":{"start":{"line":1,"column":9},"end":{"line":1,"column":41}},"2":{"start":{"line":2,"column":0},"end":{"line":2,"column":9}},"3":{"start":{"line":2,"column":9},"end":{"line":2,"column":43}},"4":{"start":{"line":3,"column":0},"end":{"line":3,"column":9}},"5":{"start":{"line":3,"column":9},"end":{"line":3,"column":43}}},"fnMap":{"0":{"name":"(anonymous_0)","decl":{"start":{"line":1,"column":9},"end":{"line":1,"column":18}},"loc":{"start":{"line":1,"column":9},"end":{"line":1,"column":41}}},"1":{"name":"(anonymous_1)","decl":{"start":{"line":2,"column":9},"end":{"line":2,"column":19}},"loc":{"start":{"line":2,"column":9},"end":{"line":2,"column":43}}},"2":{"name":"(anonymous_2)","decl":{"start":{"line":3,"column":9},"end":{"line":3,"column":19}},"loc":{"start":{"line":3,"column":9},"end":{"line":3,"column":43}}}},"branchMap":{},"s":{"0":7,"1":14,"2":7,"3":14,"4":7,"5":14},"f":{"0":7,"1":7,"2":7},"b":{}}
,"C:\\Users\\jpsie\\phitnest\\phitnest-api-clean\\src\\routers\\types.ts": {"path":"C:\\Users\\jpsie\\phitnest\\phitnest-api-clean\\src\\routers\\types.ts","statementMap":{"0":{"start":{"line":3,"column":0},"end":{"line":3,"column":null}},"1":{"start":{"line":4,"column":2},"end":{"line":4,"column":null}},"2":{"start":{"line":5,"column":2},"end":{"line":5,"column":null}},"3":{"start":{"line":6,"column":2},"end":{"line":6,"column":null}},"4":{"start":{"line":7,"column":2},"end":{"line":7,"column":null}}},"fnMap":{"0":{"name":"(anonymous_0)","decl":{"start":{"line":3,"column":0},"end":{"line":3,"column":12}},"loc":{"start":{"line":3,"column":22},"end":{"line":8,"column":1}}}},"branchMap":{"0":{"loc":{"start":{"line":3,"column":12},"end":{"line":3,"column":null}},"type":"binary-expr","locations":[{"start":{"line":3,"column":12},"end":{"line":3,"column":22}},{"start":{"line":3,"column":12},"end":{"line":3,"column":null}}]}},"s":{"0":7,"1":7,"2":7,"3":7,"4":7},"f":{"0":7},"b":{"0":[7,7]}}
,"C:\\Users\\jpsie\\phitnest\\phitnest-api-clean\\src\\routers\\user.router.ts": {"path":"C:\\Users\\jpsie\\phitnest\\phitnest-api-clean\\src\\routers\\user.router.ts","statementMap":{"0":{"start":{"line":1,"column":0},"end":{"line":1,"column":47}},"1":{"start":{"line":4,"column":0},"end":{"line":4,"column":74}},"2":{"start":{"line":5,"column":0},"end":{"line":5,"column":54}},"3":{"start":{"line":8,"column":7},"end":{"line":30,"column":null}},"4":{"start":{"line":15,"column":4},"end":{"line":28,"column":6}},"5":{"start":{"line":8,"column":13},"end":{"line":30,"column":null}},"6":{"start":{"line":8,"column":13},"end":{"line":8,"column":23}}},"fnMap":{"0":{"name":"(anonymous_4)","decl":{"start":{"line":11,"column":2},"end":{"line":11,"column":null}},"loc":{"start":{"line":13,"column":69},"end":{"line":29,"column":3}}}},"branchMap":{},"s":{"0":7,"1":7,"2":7,"3":7,"4":7,"5":7,"6":7},"f":{"0":7},"b":{}}
,"C:\\Users\\jpsie\\phitnest\\phitnest-api-clean\\src\\use-cases\\implementations\\authenticate.ts": {"path":"C:\\Users\\jpsie\\phitnest\\phitnest-api-clean\\src\\use-cases\\implementations\\authenticate.ts","statementMap":{"0":{"start":{"line":1,"column":0},"end":{"line":1,"column":47}},"1":{"start":{"line":2,"column":0},"end":{"line":2,"column":65}},"2":{"start":{"line":7,"column":7},"end":{"line":17,"column":null}},"3":{"start":{"line":11,"column":4},"end":{"line":11,"column":29}},"4":{"start":{"line":15,"column":4},"end":{"line":15,"column":51}},"5":{"start":{"line":7,"column":13},"end":{"line":17,"column":null}},"6":{"start":{"line":7,"column":13},"end":{"line":7,"column":32}}},"fnMap":{"0":{"name":"(anonymous_4)","decl":{"start":{"line":10,"column":2},"end":{"line":10,"column":15}},"loc":{"start":{"line":10,"column":66},"end":{"line":12,"column":3}}},"1":{"name":"(anonymous_5)","decl":{"start":{"line":14,"column":2},"end":{"line":14,"column":9}},"loc":{"start":{"line":14,"column":29},"end":{"line":16,"column":3}}}},"branchMap":{},"s":{"0":7,"1":7,"2":7,"3":7,"4":0,"5":7,"6":7},"f":{"0":7,"1":0},"b":{}}
,"C:\\Users\\jpsie\\phitnest\\phitnest-api-clean\\src\\use-cases\\implementations\\create-gym.ts": {"path":"C:\\Users\\jpsie\\phitnest\\phitnest-api-clean\\src\\use-cases\\implementations\\create-gym.ts","statementMap":{"0":{"start":{"line":1,"column":0},"end":{"line":1,"column":47}},"1":{"start":{"line":2,"column":0},"end":{"line":2,"column":65}},"2":{"start":{"line":11,"column":7},"end":{"line":31,"column":null}},"3":{"start":{"line":19,"column":4},"end":{"line":19,"column":27}},"4":{"start":{"line":20,"column":4},"end":{"line":20,"column":37}},"5":{"start":{"line":24,"column":21},"end":{"line":24,"column":57}},"6":{"start":{"line":25,"column":4},"end":{"line":29,"column":null}},"7":{"start":{"line":26,"column":6},"end":{"line":26,"column":58}},"8":{"start":{"line":28,"column":6},"end":{"line":28,"column":54}},"9":{"start":{"line":11,"column":13},"end":{"line":31,"column":null}},"10":{"start":{"line":11,"column":13},"end":{"line":11,"column":29}}},"fnMap":{"0":{"name":"(anonymous_11)","decl":{"start":{"line":15,"column":2},"end":{"line":15,"column":null}},"loc":{"start":{"line":17,"column":68},"end":{"line":21,"column":3}}},"1":{"name":"(anonymous_12)","decl":{"start":{"line":23,"column":8},"end":{"line":23,"column":15}},"loc":{"start":{"line":23,"column":53},"end":{"line":30,"column":null}}}},"branchMap":{"0":{"loc":{"start":{"line":25,"column":4},"end":{"line":29,"column":null}},"type":"if","locations":[{"start":{"line":25,"column":4},"end":{"line":29,"column":null}},{"start":{"line":27,"column":11},"end":{"line":29,"column":null}}]}},"s":{"0":7,"1":7,"2":7,"3":7,"4":7,"5":6,"6":6,"7":4,"8":2,"9":7,"10":7},"f":{"0":7,"1":6},"b":{"0":[4,2]}}
,"C:\\Users\\jpsie\\phitnest\\phitnest-api-clean\\src\\use-cases\\implementations\\explore.ts": {"path":"C:\\Users\\jpsie\\phitnest\\phitnest-api-clean\\src\\use-cases\\implementations\\explore.ts","statementMap":{"0":{"start":{"line":1,"column":0},"end":{"line":1,"column":47}},"1":{"start":{"line":2,"column":0},"end":{"line":2,"column":65}},"2":{"start":{"line":7,"column":7},"end":{"line":17,"column":null}},"3":{"start":{"line":11,"column":4},"end":{"line":11,"column":29}},"4":{"start":{"line":15,"column":4},"end":{"line":15,"column":64}},"5":{"start":{"line":7,"column":13},"end":{"line":17,"column":null}},"6":{"start":{"line":7,"column":13},"end":{"line":7,"column":27}}},"fnMap":{"0":{"name":"(anonymous_11)","decl":{"start":{"line":10,"column":2},"end":{"line":10,"column":15}},"loc":{"start":{"line":10,"column":66},"end":{"line":12,"column":3}}},"1":{"name":"(anonymous_12)","decl":{"start":{"line":14,"column":8},"end":{"line":14,"column":15}},"loc":{"start":{"line":14,"column":66},"end":{"line":16,"column":null}}}},"branchMap":{},"s":{"0":7,"1":7,"2":7,"3":7,"4":0,"5":7,"6":7},"f":{"0":7,"1":0},"b":{}}
,"C:\\Users\\jpsie\\phitnest\\phitnest-api-clean\\src\\use-cases\\implementations\\get-gym.ts": {"path":"C:\\Users\\jpsie\\phitnest\\phitnest-api-clean\\src\\use-cases\\implementations\\get-gym.ts","statementMap":{"0":{"start":{"line":1,"column":0},"end":{"line":1,"column":47}},"1":{"start":{"line":2,"column":0},"end":{"line":2,"column":65}},"2":{"start":{"line":7,"column":7},"end":{"line":17,"column":null}},"3":{"start":{"line":11,"column":4},"end":{"line":11,"column":27}},"4":{"start":{"line":15,"column":4},"end":{"line":15,"column":36}},"5":{"start":{"line":7,"column":13},"end":{"line":17,"column":null}},"6":{"start":{"line":7,"column":13},"end":{"line":7,"column":26}}},"fnMap":{"0":{"name":"(anonymous_4)","decl":{"start":{"line":10,"column":2},"end":{"line":10,"column":15}},"loc":{"start":{"line":10,"column":63},"end":{"line":12,"column":3}}},"1":{"name":"(anonymous_5)","decl":{"start":{"line":14,"column":2},"end":{"line":14,"column":9}},"loc":{"start":{"line":14,"column":24},"end":{"line":16,"column":3}}}},"branchMap":{},"s":{"0":7,"1":7,"2":7,"3":7,"4":0,"5":7,"6":7},"f":{"0":7,"1":0},"b":{}}
,"C:\\Users\\jpsie\\phitnest\\phitnest-api-clean\\src\\use-cases\\implementations\\get-nearest-gyms.ts": {"path":"C:\\Users\\jpsie\\phitnest\\phitnest-api-clean\\src\\use-cases\\implementations\\get-nearest-gyms.ts","statementMap":{"0":{"start":{"line":1,"column":0},"end":{"line":1,"column":47}},"1":{"start":{"line":2,"column":0},"end":{"line":2,"column":65}},"2":{"start":{"line":8,"column":7},"end":{"line":18,"column":null}},"3":{"start":{"line":12,"column":4},"end":{"line":12,"column":27}},"4":{"start":{"line":16,"column":4},"end":{"line":16,"column":63}},"5":{"start":{"line":8,"column":13},"end":{"line":18,"column":null}},"6":{"start":{"line":8,"column":13},"end":{"line":8,"column":34}}},"fnMap":{"0":{"name":"(anonymous_4)","decl":{"start":{"line":11,"column":2},"end":{"line":11,"column":15}},"loc":{"start":{"line":11,"column":63},"end":{"line":13,"column":3}}},"1":{"name":"(anonymous_5)","decl":{"start":{"line":15,"column":2},"end":{"line":15,"column":9}},"loc":{"start":{"line":15,"column":70},"end":{"line":17,"column":3}}}},"branchMap":{},"s":{"0":7,"1":7,"2":7,"3":7,"4":3,"5":7,"6":7},"f":{"0":7,"1":3},"b":{}}
,"C:\\Users\\jpsie\\phitnest\\phitnest-api-clean\\src\\use-cases\\implementations\\get-user.ts": {"path":"C:\\Users\\jpsie\\phitnest\\phitnest-api-clean\\src\\use-cases\\implementations\\get-user.ts","statementMap":{"0":{"start":{"line":1,"column":0},"end":{"line":1,"column":47}},"1":{"start":{"line":2,"column":0},"end":{"line":2,"column":65}},"2":{"start":{"line":7,"column":7},"end":{"line":17,"column":null}},"3":{"start":{"line":11,"column":4},"end":{"line":11,"column":29}},"4":{"start":{"line":15,"column":4},"end":{"line":15,"column":40}},"5":{"start":{"line":7,"column":13},"end":{"line":17,"column":null}},"6":{"start":{"line":7,"column":13},"end":{"line":7,"column":27}}},"fnMap":{"0":{"name":"(anonymous_11)","decl":{"start":{"line":10,"column":2},"end":{"line":10,"column":15}},"loc":{"start":{"line":10,"column":66},"end":{"line":12,"column":3}}},"1":{"name":"(anonymous_12)","decl":{"start":{"line":14,"column":8},"end":{"line":14,"column":15}},"loc":{"start":{"line":14,"column":33},"end":{"line":16,"column":null}}}},"branchMap":{},"s":{"0":7,"1":7,"2":7,"3":7,"4":0,"5":7,"6":7},"f":{"0":7,"1":0},"b":{}}
,"C:\\Users\\jpsie\\phitnest\\phitnest-api-clean\\src\\use-cases\\implementations\\index.ts": {"path":"C:\\Users\\jpsie\\phitnest\\phitnest-api-clean\\src\\use-cases\\implementations\\index.ts","statementMap":{"0":{"start":{"line":1,"column":0},"end":{"line":1,"column":9}},"1":{"start":{"line":1,"column":9},"end":{"line":1,"column":53}},"2":{"start":{"line":2,"column":0},"end":{"line":2,"column":9}},"3":{"start":{"line":2,"column":9},"end":{"line":2,"column":42}},"4":{"start":{"line":3,"column":0},"end":{"line":3,"column":9}},"5":{"start":{"line":3,"column":9},"end":{"line":3,"column":59}},"6":{"start":{"line":4,"column":0},"end":{"line":4,"column":9}},"7":{"start":{"line":4,"column":9},"end":{"line":4,"column":44}},"8":{"start":{"line":5,"column":0},"end":{"line":5,"column":9}},"9":{"start":{"line":5,"column":9},"end":{"line":5,"column":43}},"10":{"start":{"line":6,"column":0},"end":{"line":6,"column":9}},"11":{"start":{"line":6,"column":9},"end":{"line":6,"column":48}},"12":{"start":{"line":7,"column":0},"end":{"line":7,"column":9}},"13":{"start":{"line":7,"column":9},"end":{"line":7,"column":39}}},"fnMap":{"0":{"name":"(anonymous_0)","decl":{"start":{"line":1,"column":9},"end":{"line":1,"column":28}},"loc":{"start":{"line":1,"column":9},"end":{"line":1,"column":53}}},"1":{"name":"(anonymous_1)","decl":{"start":{"line":2,"column":9},"end":{"line":2,"column":22}},"loc":{"start":{"line":2,"column":9},"end":{"line":2,"column":42}}},"2":{"name":"(anonymous_2)","decl":{"start":{"line":3,"column":9},"end":{"line":3,"column":30}},"loc":{"start":{"line":3,"column":9},"end":{"line":3,"column":59}}},"3":{"name":"(anonymous_3)","decl":{"start":{"line":4,"column":9},"end":{"line":4,"column":23}},"loc":{"start":{"line":4,"column":9},"end":{"line":4,"column":44}}},"4":{"name":"(anonymous_4)","decl":{"start":{"line":5,"column":9},"end":{"line":5,"column":23}},"loc":{"start":{"line":5,"column":9},"end":{"line":5,"column":43}}},"5":{"name":"(anonymous_5)","decl":{"start":{"line":6,"column":9},"end":{"line":6,"column":25}},"loc":{"start":{"line":6,"column":9},"end":{"line":6,"column":48}}},"6":{"name":"(anonymous_6)","decl":{"start":{"line":7,"column":9},"end":{"line":7,"column":21}},"loc":{"start":{"line":7,"column":9},"end":{"line":7,"column":39}}}},"branchMap":{},"s":{"0":7,"1":14,"2":7,"3":14,"4":7,"5":14,"6":7,"7":14,"8":7,"9":14,"10":7,"11":14,"12":7,"13":14},"f":{"0":7,"1":7,"2":7,"3":7,"4":7,"5":7,"6":7},"b":{}}
,"C:\\Users\\jpsie\\phitnest\\phitnest-api-clean\\src\\use-cases\\implementations\\login.ts": {"path":"C:\\Users\\jpsie\\phitnest\\phitnest-api-clean\\src\\use-cases\\implementations\\login.ts","statementMap":{"0":{"start":{"line":1,"column":0},"end":{"line":1,"column":47}},"1":{"start":{"line":2,"column":0},"end":{"line":2,"column":65}},"2":{"start":{"line":7,"column":7},"end":{"line":17,"column":null}},"3":{"start":{"line":11,"column":4},"end":{"line":11,"column":29}},"4":{"start":{"line":15,"column":4},"end":{"line":15,"column":48}},"5":{"start":{"line":7,"column":13},"end":{"line":17,"column":null}},"6":{"start":{"line":7,"column":13},"end":{"line":7,"column":25}}},"fnMap":{"0":{"name":"(anonymous_11)","decl":{"start":{"line":10,"column":2},"end":{"line":10,"column":15}},"loc":{"start":{"line":10,"column":66},"end":{"line":12,"column":3}}},"1":{"name":"(anonymous_12)","decl":{"start":{"line":14,"column":8},"end":{"line":14,"column":15}},"loc":{"start":{"line":14,"column":47},"end":{"line":16,"column":null}}}},"branchMap":{},"s":{"0":7,"1":7,"2":7,"3":7,"4":0,"5":7,"6":7},"f":{"0":7,"1":0},"b":{}}
,"C:\\Users\\jpsie\\phitnest\\phitnest-api-clean\\test\\helpers\\comparisons.ts": {"path":"C:\\Users\\jpsie\\phitnest\\phitnest-api-clean\\test\\helpers\\comparisons.ts","statementMap":{"0":{"start":{"line":10,"column":2},"end":{"line":10,"column":35}},"1":{"start":{"line":11,"column":2},"end":{"line":11,"column":47}},"2":{"start":{"line":12,"column":2},"end":{"line":12,"column":44}},"3":{"start":{"line":9,"column":0},"end":{"line":9,"column":16}},"4":{"start":{"line":16,"column":2},"end":{"line":16,"column":45}},"5":{"start":{"line":17,"column":2},"end":{"line":17,"column":41}},"6":{"start":{"line":18,"column":2},"end":{"line":18,"column":43}},"7":{"start":{"line":19,"column":2},"end":{"line":19,"column":47}},"8":{"start":{"line":15,"column":0},"end":{"line":15,"column":16}},"9":{"start":{"line":23,"column":2},"end":{"line":23,"column":38}},"10":{"start":{"line":24,"column":2},"end":{"line":24,"column":46}},"11":{"start":{"line":25,"column":2},"end":{"line":25,"column":33}},"12":{"start":{"line":26,"column":2},"end":{"line":26,"column":41}},"13":{"start":{"line":27,"column":2},"end":{"line":27,"column":66}},"14":{"start":{"line":28,"column":2},"end":{"line":28,"column":66}},"15":{"start":{"line":22,"column":0},"end":{"line":22,"column":16}},"16":{"start":{"line":35,"column":2},"end":{"line":35,"column":50}},"17":{"start":{"line":36,"column":2},"end":{"line":36,"column":50}},"18":{"start":{"line":37,"column":2},"end":{"line":37,"column":48}},"19":{"start":{"line":31,"column":0},"end":{"line":31,"column":16}},"20":{"start":{"line":44,"column":2},"end":{"line":44,"column":50}},"21":{"start":{"line":45,"column":2},"end":{"line":45,"column":42}},"22":{"start":{"line":46,"column":2},"end":{"line":46,"column":50}},"23":{"start":{"line":47,"column":2},"end":{"line":47,"column":48}},"24":{"start":{"line":40,"column":0},"end":{"line":40,"column":16}},"25":{"start":{"line":51,"column":2},"end":{"line":51,"column":48}},"26":{"start":{"line":52,"column":2},"end":{"line":52,"column":40}},"27":{"start":{"line":53,"column":2},"end":{"line":53,"column":40}},"28":{"start":{"line":54,"column":2},"end":{"line":54,"column":48}},"29":{"start":{"line":55,"column":2},"end":{"line":55,"column":46}},"30":{"start":{"line":50,"column":0},"end":{"line":50,"column":16}}},"fnMap":{"0":{"name":"compareGym","decl":{"start":{"line":9,"column":16},"end":{"line":9,"column":26}},"loc":{"start":{"line":9,"column":53},"end":{"line":13,"column":1}}},"1":{"name":"compareAddress","decl":{"start":{"line":15,"column":16},"end":{"line":15,"column":30}},"loc":{"start":{"line":15,"column":64},"end":{"line":20,"column":1}}},"2":{"name":"compareLocation","decl":{"start":{"line":22,"column":16},"end":{"line":22,"column":31}},"loc":{"start":{"line":22,"column":67},"end":{"line":29,"column":1}}},"3":{"name":"compareExploreUserData","decl":{"start":{"line":31,"column":16},"end":{"line":31,"column":38}},"loc":{"start":{"line":33,"column":20},"end":{"line":38,"column":1}}},"4":{"name":"comparePublicUserData","decl":{"start":{"line":40,"column":16},"end":{"line":40,"column":37}},"loc":{"start":{"line":42,"column":20},"end":{"line":48,"column":1}}},"5":{"name":"compareUserData","decl":{"start":{"line":50,"column":16},"end":{"line":50,"column":31}},"loc":{"start":{"line":50,"column":59},"end":{"line":56,"column":1}}}},"branchMap":{},"s":{"0":16,"1":16,"2":16,"3":6,"4":16,"5":16,"6":16,"7":16,"8":6,"9":18,"10":18,"11":18,"12":18,"13":18,"14":18,"15":6,"16":4,"17":4,"18":4,"19":6,"20":4,"21":4,"22":4,"23":4,"24":6,"25":4,"26":4,"27":4,"28":4,"29":4,"30":6},"f":{"0":16,"1":16,"2":18,"3":4,"4":4,"5":4},"b":{}}
,"C:\\Users\\jpsie\\phitnest\\phitnest-api-clean\\test\\mocks\\index.ts": {"path":"C:\\Users\\jpsie\\phitnest\\phitnest-api-clean\\test\\mocks\\index.ts","statementMap":{"0":{"start":{"line":1,"column":0},"end":{"line":1,"column":9}},"1":{"start":{"line":1,"column":9},"end":{"line":1,"column":42}},"2":{"start":{"line":2,"column":0},"end":{"line":2,"column":9}},"3":{"start":{"line":2,"column":9},"end":{"line":2,"column":40}}},"fnMap":{"0":{"name":"(anonymous_0)","decl":{"start":{"line":1,"column":9},"end":{"line":1,"column":21}},"loc":{"start":{"line":1,"column":9},"end":{"line":1,"column":42}}},"1":{"name":"(anonymous_1)","decl":{"start":{"line":2,"column":9},"end":{"line":2,"column":20}},"loc":{"start":{"line":2,"column":9},"end":{"line":2,"column":40}}}},"branchMap":{},"s":{"0":2,"1":17,"2":2,"3":19},"f":{"0":15,"1":17},"b":{}}
,"C:\\Users\\jpsie\\phitnest\\phitnest-api-clean\\test\\mocks\\request.ts": {"path":"C:\\Users\\jpsie\\phitnest\\phitnest-api-clean\\test\\mocks\\request.ts","statementMap":{"0":{"start":{"line":8,"column":4},"end":{"line":8,"column":21}},"1":{"start":{"line":9,"column":4},"end":{"line":9,"column":47}},"2":{"start":{"line":13,"column":4},"end":{"line":13,"column":21}},"3":{"start":{"line":17,"column":4},"end":{"line":17,"column":36}},"4":{"start":{"line":3,"column":0},"end":{"line":3,"column":13}}},"fnMap":{"0":{"name":"(anonymous_0)","decl":{"start":{"line":7,"column":2},"end":{"line":7,"column":14}},"loc":{"start":{"line":7,"column":46},"end":{"line":10,"column":3}}},"1":{"name":"(anonymous_1)","decl":{"start":{"line":12,"column":2},"end":{"line":12,"column":9}},"loc":{"start":{"line":12,"column":9},"end":{"line":14,"column":3}}},"2":{"name":"(anonymous_2)","decl":{"start":{"line":16,"column":2},"end":{"line":16,"column":15}},"loc":{"start":{"line":16,"column":15},"end":{"line":18,"column":3}}}},"branchMap":{"0":{"loc":{"start":{"line":17,"column":11},"end":{"line":17,"column":35}},"type":"cond-expr","locations":[{"start":{"line":17,"column":27},"end":{"line":17,"column":31}},{"start":{"line":17,"column":31},"end":{"line":17,"column":35}}]},"1":{"loc":{"start":{"line":17,"column":11},"end":{"line":17,"column":31}},"type":"binary-expr","locations":[{"start":{"line":17,"column":11},"end":{"line":17,"column":31}},{"start":{"line":17,"column":27},"end":{"line":17,"column":31}}]}},"s":{"0":17,"1":17,"2":14,"3":6,"4":2},"f":{"0":17,"1":14,"2":6},"b":{"0":[6,0],"1":[6,6]}}
,"C:\\Users\\jpsie\\phitnest\\phitnest-api-clean\\test\\mocks\\response.ts": {"path":"C:\\Users\\jpsie\\phitnest\\phitnest-api-clean\\test\\mocks\\response.ts","statementMap":{"0":{"start":{"line":9,"column":4},"end":{"line":9,"column":25}},"1":{"start":{"line":10,"column":4},"end":{"line":10,"column":20}},"2":{"start":{"line":14,"column":4},"end":{"line":14,"column":21}},"3":{"start":{"line":15,"column":4},"end":{"line":15,"column":16}},"4":{"start":{"line":19,"column":4},"end":{"line":19,"column":27}},"5":{"start":{"line":20,"column":4},"end":{"line":20,"column":16}},"6":{"start":{"line":3,"column":0},"end":{"line":3,"column":13}}},"fnMap":{"0":{"name":"(anonymous_0)","decl":{"start":{"line":8,"column":2},"end":{"line":8,"column":14}},"loc":{"start":{"line":8,"column":32},"end":{"line":11,"column":3}}},"1":{"name":"(anonymous_1)","decl":{"start":{"line":13,"column":2},"end":{"line":13,"column":8}},"loc":{"start":{"line":13,"column":21},"end":{"line":16,"column":3}}},"2":{"name":"(anonymous_2)","decl":{"start":{"line":18,"column":2},"end":{"line":18,"column":6}},"loc":{"start":{"line":18,"column":19},"end":{"line":21,"column":3}}}},"branchMap":{},"s":{"0":15,"1":15,"2":14,"3":14,"4":14,"5":14,"6":2},"f":{"0":15,"1":14,"2":14},"b":{}}
}
