TN:
SF:src\app.ts
FN:7,start
FN:11,stop
FNF:2
FNH:2
FNDA:7,start
FNDA:7,stop
DA:1,7
DA:2,7
DA:3,7
DA:4,7
DA:5,7
DA:7,7
DA:8,7
DA:11,7
DA:12,7
LF:9
LH:9
BRF:0
BRH:0
end_of_record
TN:
SF:src\adapters\controllers\implementations\gym.controller.ts
FN:25,(anonymous_11)
FN:36,(anonymous_12)
FN:54,(anonymous_14)
FN:81,(anonymous_16)
FNF:4
FNH:1
FNDA:7,(anonymous_11)
FNDA:0,(anonymous_12)
FNDA:0,(anonymous_14)
FNDA:0,(anonymous_16)
DA:1,7
DA:2,7
DA:3,7
DA:12,7
DA:20,7
DA:31,7
DA:32,7
DA:33,7
DA:37,0
DA:38,0
DA:41,0
DA:42,0
DA:43,0
DA:45,0
DA:48,0
DA:55,0
DA:56,0
DA:64,0
DA:69,0
DA:70,0
DA:72,0
DA:75,0
DA:82,0
DA:83,0
DA:84,0
DA:85,0
DA:87,0
DA:90,0
LF:28
LH:8
BRDA:42,0,0,0
BRDA:42,0,1,0
BRDA:69,1,0,0
BRDA:69,1,1,0
BRDA:84,2,0,0
BRDA:84,2,1,0
BRF:6
BRH:0
end_of_record
TN:
SF:src\adapters\controllers\implementations\index.ts
FN:1,(anonymous_0)
FN:2,(anonymous_1)
FNF:2
FNH:2
FNDA:7,(anonymous_0)
FNDA:7,(anonymous_1)
DA:1,14
DA:2,14
LF:2
LH:2
BRF:0
BRH:0
end_of_record
TN:
SF:src\adapters\controllers\implementations\user.controller.ts
FN:15,(anonymous_11)
FN:23,(anonymous_12)
FN:40,(anonymous_14)
FNF:3
FNH:0
FNDA:0,(anonymous_11)
FNDA:0,(anonymous_12)
FNDA:0,(anonymous_14)
DA:1,7
DA:2,7
DA:11,7
DA:19,0
DA:20,0
DA:24,0
DA:25,0
DA:26,0
DA:27,0
DA:29,0
DA:34,0
DA:41,0
DA:42,0
DA:43,0
DA:44,0
DA:46,0
DA:49,0
LF:17
LH:3
BRDA:26,0,0,0
BRDA:26,0,1,0
BRDA:43,1,0,0
BRDA:43,1,1,0
BRF:4
BRH:0
end_of_record
TN:
SF:src\adapters\middleware\implementations\auth.middleware.ts
FN:11,(anonymous_11)
FN:17,(anonymous_12)
FNF:2
FNH:2
FNDA:8,(anonymous_11)
FNDA:3,(anonymous_12)
DA:1,7
DA:2,7
DA:8,7
DA:14,8
DA:22,3
DA:23,3
DA:26,3
DA:27,1
DA:28,1
DA:31,2
LF:10
LH:10
BRDA:22,0,0,3
BRDA:26,1,0,1
BRF:2
BRH:2
end_of_record
TN:
SF:src\adapters\middleware\implementations\index.ts
FN:1,(anonymous_0)
FNF:1
FNH:1
FNDA:7,(anonymous_0)
DA:1,14
LF:1
LH:1
BRF:0
BRH:0
end_of_record
TN:
SF:src\common\database.ts
FN:4,connect
FN:5,(anonymous_9)
FN:6,(anonymous_10)
FN:18,disconnect
FNF:4
FNH:4
FNDA:7,connect
FNDA:7,(anonymous_9)
FNDA:7,(anonymous_10)
FNDA:7,disconnect
DA:1,7
DA:2,7
DA:4,7
DA:5,7
DA:6,7
DA:7,7
DA:8,0
DA:9,0
DA:11,7
DA:12,7
DA:18,7
DA:19,7
DA:20,7
LF:13
LH:11
BRDA:7,0,0,0
BRDA:7,0,1,7
BRF:2
BRH:1
end_of_record
TN:
SF:src\common\dependency-injection.ts
FN:81,unbind
FN:85,inject
FNF:2
FNH:2
FNDA:7,unbind
FNDA:7,inject
DA:1,7
DA:2,7
DA:4,7
DA:12,7
DA:21,7
DA:37,7
DA:54,7
DA:65,7
DA:72,7
DA:77,7
DA:81,7
DA:82,7
DA:85,7
DA:86,7
DA:90,7
DA:93,7
DA:96,7
DA:99,7
DA:102,7
DA:106,7
DA:107,7
DA:110,7
DA:113,7
DA:114,7
DA:115,7
DA:117,7
DA:118,7
DA:121,7
DA:125,7
LF:29
LH:29
BRF:0
BRH:0
end_of_record
TN:
SF:src\common\logger.ts
FNF:0
FNH:0
DA:1,7
DA:3,7
DA:8,7
LF:3
LH:3
BRF:0
BRH:0
end_of_record
TN:
SF:src\common\express\controller.ts
FN:9,buildController
FN:10,(anonymous_8)
FNF:2
FNH:1
FNDA:21,buildController
FNDA:0,(anonymous_8)
DA:2,7
DA:3,7
DA:9,7
DA:10,21
DA:11,0
LF:5
LH:4
BRF:0
BRH:0
end_of_record
TN:
SF:src\common\express\middleware.ts
FN:9,buildMiddleware
FN:11,(anonymous_8)
FN:12,(anonymous_9)
FNF:3
FNH:2
FNDA:21,buildMiddleware
FNDA:14,(anonymous_8)
FNDA:0,(anonymous_9)
DA:2,7
DA:3,7
DA:9,7
DA:10,21
DA:12,14
DA:17,0
LF:6
LH:5
BRF:0
BRH:0
end_of_record
TN:
SF:src\common\express\request.ts
FN:11,(anonymous_0)
FN:15,(anonymous_1)
FN:22,(anonymous_2)
FNF:3
FNH:0
FNDA:0,(anonymous_0)
FNDA:0,(anonymous_1)
FNDA:0,(anonymous_2)
DA:8,7
DA:12,0
DA:16,0
DA:23,0
LF:4
LH:1
BRDA:23,0,0,0
BRDA:23,0,1,0
BRDA:23,1,0,0
BRDA:23,1,1,0
BRF:4
BRH:0
end_of_record
TN:
SF:src\common\express\response.ts
FN:12,(anonymous_0)
FN:17,(anonymous_1)
FN:22,(anonymous_2)
FNF:3
FNH:0
FNDA:0,(anonymous_0)
FNDA:0,(anonymous_1)
FNDA:0,(anonymous_2)
DA:8,7
DA:13,0
DA:14,0
DA:18,0
DA:19,0
DA:23,0
DA:24,0
LF:7
LH:1
BRF:0
BRH:0
end_of_record
TN:
SF:src\common\express\server.ts
FN:14,createServer
FN:20,(anonymous_8)
FN:21,(anonymous_9)
FN:28,stopServer
FN:32,buildRoutes
FN:38,buildRoute
FN:39,(anonymous_13)
FNF:7
FNH:7
FNDA:7,createServer
FNDA:7,(anonymous_8)
FNDA:7,(anonymous_9)
FNDA:7,stopServer
FNDA:7,buildRoutes
FNDA:7,buildRoute
FNDA:21,(anonymous_13)
DA:1,7
DA:2,7
DA:3,7
DA:4,7
DA:5,7
DA:6,7
DA:7,7
DA:8,7
DA:9,7
DA:10,7
DA:14,7
DA:15,7
DA:16,7
DA:17,7
DA:18,7
DA:19,7
DA:20,7
DA:21,7
DA:22,7
DA:23,7
DA:28,7
DA:29,7
DA:33,7
DA:34,7
DA:35,7
DA:39,7
DA:40,21
DA:41,21
DA:42,21
DA:44,14
DA:46,7
DA:48,0
DA:50,0
LF:33
LH:31
BRDA:42,0,0,14
BRDA:42,0,1,7
BRDA:42,0,2,0
BRDA:42,0,3,0
BRF:4
BRH:2
end_of_record
TN:
SF:src\entities\index.ts
FN:5,(anonymous_0)
FNF:1
FNH:1
FNDA:64,(anonymous_0)
DA:5,71
LF:1
LH:1
BRF:0
BRH:0
end_of_record
TN:
SF:src\entities\relationship.entity.ts
FN:1,(anonymous_0)
FNF:1
FNH:1
FNDA:7,(anonymous_0)
DA:1,7
DA:2,7
DA:3,7
DA:4,7
LF:4
LH:4
BRDA:1,0,0,7
BRDA:1,0,1,7
BRF:2
BRH:2
end_of_record
TN:
SF:src\repositories\implementations\auth.repository.ts
FN:22,(anonymous_1)
FN:24,(anonymous_2)
FN:27,(anonymous_3)
FN:31,(anonymous_4)
FN:47,(anonymous_5)
FN:52,(anonymous_6)
FN:59,(anonymous_7)
FN:63,(anonymous_8)
FN:73,(anonymous_9)
FN:75,(anonymous_10)
FN:76,(anonymous_11)
FN:89,(anonymous_12)
FN:91,(anonymous_13)
FN:92,(anonymous_14)
FN:105,(anonymous_15)
FN:107,(anonymous_16)
FN:109,(anonymous_17)
FN:113,(anonymous_18)
FN:122,(anonymous_19)
FN:127,(anonymous_20)
FN:129,(anonymous_21)
FN:133,(anonymous_22)
FN:142,(anonymous_23)
FN:143,(anonymous_24)
FN:154,(anonymous_25)
FN:168,(anonymous_26)
FN:170,(anonymous_27)
FN:171,(anonymous_28)
FN:184,(anonymous_29)
FN:186,(anonymous_30)
FN:191,(anonymous_31)
FN:205,(anonymous_32)
FN:213,(anonymous_33)
FN:214,(anonymous_34)
FNF:34
FNH:0
FNDA:0,(anonymous_1)
FNDA:0,(anonymous_2)
FNDA:0,(anonymous_3)
FNDA:0,(anonymous_4)
FNDA:0,(anonymous_5)
FNDA:0,(anonymous_6)
FNDA:0,(anonymous_7)
FNDA:0,(anonymous_8)
FNDA:0,(anonymous_9)
FNDA:0,(anonymous_10)
FNDA:0,(anonymous_11)
FNDA:0,(anonymous_12)
FNDA:0,(anonymous_13)
FNDA:0,(anonymous_14)
FNDA:0,(anonymous_15)
FNDA:0,(anonymous_16)
FNDA:0,(anonymous_17)
FNDA:0,(anonymous_18)
FNDA:0,(anonymous_19)
FNDA:0,(anonymous_20)
FNDA:0,(anonymous_21)
FNDA:0,(anonymous_22)
FNDA:0,(anonymous_23)
FNDA:0,(anonymous_24)
FNDA:0,(anonymous_25)
FNDA:0,(anonymous_26)
FNDA:0,(anonymous_27)
FNDA:0,(anonymous_28)
FNDA:0,(anonymous_29)
FNDA:0,(anonymous_30)
FNDA:0,(anonymous_31)
FNDA:0,(anonymous_32)
FNDA:0,(anonymous_33)
FNDA:0,(anonymous_34)
DA:1,7
DA:10,7
DA:12,7
DA:13,7
DA:15,7
DA:21,7
DA:23,0
DA:24,0
DA:25,0
DA:26,0
DA:28,0
DA:29,0
DA:32,0
DA:33,0
DA:40,0
DA:41,0
DA:42,0
DA:48,0
DA:52,0
DA:53,0
DA:60,0
DA:61,0
DA:64,0
DA:65,0
DA:66,0
DA:74,0
DA:75,0
DA:76,0
DA:77,0
DA:78,0
DA:79,0
DA:80,0
DA:82,0
DA:83,0
DA:90,0
DA:91,0
DA:92,0
DA:93,0
DA:94,0
DA:95,0
DA:96,0
DA:98,0
DA:99,0
DA:106,0
DA:107,0
DA:108,0
DA:110,0
DA:111,0
DA:114,0
DA:115,0
DA:116,0
DA:123,0
DA:127,0
DA:128,0
DA:130,0
DA:131,0
DA:134,0
DA:135,0
DA:136,0
DA:143,0
DA:144,0
DA:155,0
DA:156,0
DA:157,0
DA:158,0
DA:160,0
DA:161,0
DA:169,0
DA:170,0
DA:171,0
DA:172,0
DA:173,0
DA:174,0
DA:175,0
DA:177,0
DA:178,0
DA:185,0
DA:186,0
DA:187,0
DA:192,0
DA:193,0
DA:194,0
DA:195,0
DA:197,0
DA:198,0
DA:206,0
DA:209,0
DA:213,0
DA:214,0
DA:215,0
DA:216,0
DA:217,0
DA:218,0
DA:220,0
DA:221,0
DA:222,0
LF:96
LH:6
BRDA:25,0,0,0
BRDA:25,0,1,0
BRDA:77,1,0,0
BRDA:77,1,1,0
BRDA:93,2,0,0
BRDA:93,2,1,0
BRDA:155,3,0,0
BRDA:155,3,1,0
BRDA:155,4,0,0
BRDA:155,4,1,0
BRDA:172,5,0,0
BRDA:172,5,1,0
BRDA:192,6,0,0
BRDA:192,6,1,0
BRDA:215,7,0,0
BRDA:215,7,1,0
BRDA:221,8,0,0
BRDA:221,8,1,0
BRDA:221,9,0,0
BRDA:221,9,1,0
BRDA:221,10,0,0
BRDA:221,10,1,0
BRDA:221,11,0,0
BRDA:221,11,1,0
BRF:24
BRH:0
end_of_record
TN:
SF:src\repositories\implementations\gym.repository.ts
FN:35,(anonymous_9)
FN:43,(anonymous_10)
FN:63,(anonymous_12)
FNF:3
FNH:3
FNDA:9,(anonymous_9)
FNDA:2,(anonymous_10)
FNDA:5,(anonymous_12)
DA:1,7
DA:2,7
DA:5,7
DA:7,7
DA:8,7
DA:10,7
DA:29,7
DA:31,7
DA:34,7
DA:36,9
DA:44,2
DA:60,2
DA:64,5
DA:65,4
DA:76,4
DA:78,1
LF:16
LH:16
BRDA:64,0,0,4
BRDA:64,0,1,1
BRDA:75,1,0,1
BRDA:75,1,1,3
BRDA:75,2,0,4
BRDA:75,2,1,4
BRF:6
BRH:6
end_of_record
TN:
SF:src\repositories\implementations\index.ts
FN:1,(anonymous_0)
FN:2,(anonymous_1)
FN:3,(anonymous_2)
FN:4,(anonymous_3)
FN:5,(anonymous_4)
FNF:5
FNH:5
FNDA:7,(anonymous_0)
FNDA:7,(anonymous_1)
FNDA:7,(anonymous_2)
FNDA:7,(anonymous_3)
FNDA:7,(anonymous_4)
DA:1,14
DA:2,14
DA:3,14
DA:4,14
DA:5,14
LF:5
LH:5
BRF:0
BRH:0
end_of_record
TN:
SF:src\repositories\implementations\location.repository.ts
FN:8,(anonymous_9)
FNF:1
FNH:1
FNDA:6,(anonymous_9)
DA:2,7
DA:4,7
DA:7,7
DA:9,6
DA:23,6
DA:24,4
DA:25,4
DA:29,4
DA:31,2
LF:9
LH:9
BRDA:23,0,0,4
BRDA:23,1,0,6
BRDA:23,1,1,6
BRF:3
BRH:3
end_of_record
TN:
SF:src\repositories\implementations\relationship.repository.ts
FN:32,(anonymous_9)
FN:43,(anonymous_11)
FN:51,(anonymous_13)
FN:62,(anonymous_15)
FN:73,(anonymous_17)
FN:137,(anonymous_18)
FN:201,(anonymous_19)
FNF:7
FNH:7
FNDA:3,(anonymous_9)
FNDA:1,(anonymous_11)
FNDA:6,(anonymous_13)
FNDA:4,(anonymous_15)
FNDA:9,(anonymous_17)
FNDA:9,(anonymous_18)
FNDA:8,(anonymous_19)
DA:1,7
DA:2,7
DA:3,7
DA:5,7
DA:7,7
DA:8,7
DA:10,7
DA:21,7
DA:22,7
DA:23,7
DA:25,7
DA:31,7
DA:33,3
DA:44,1
DA:52,6
DA:63,4
DA:74,9
DA:138,9
DA:202,8
LF:19
LH:19
BRF:0
BRH:0
end_of_record
TN:
SF:src\repositories\implementations\user.repository.ts
FN:40,(anonymous_9)
FN:154,(anonymous_10)
FN:158,(anonymous_12)
FN:162,(anonymous_14)
FNF:4
FNH:4
FNDA:9,(anonymous_9)
FNDA:3,(anonymous_10)
FNDA:4,(anonymous_12)
FNDA:10,(anonymous_14)
DA:1,7
DA:2,7
DA:3,7
DA:5,7
DA:6,7
DA:8,7
DA:9,7
DA:11,7
DA:34,7
DA:36,7
DA:39,7
DA:41,9
DA:141,9
DA:142,2
DA:146,9
DA:147,2
DA:151,9
DA:155,3
DA:159,4
DA:169,10
LF:20
LH:20
BRDA:141,0,0,2
BRDA:146,1,0,2
BRF:2
BRH:2
end_of_record
TN:
SF:src\routers\gym.router.ts
FN:11,(anonymous_4)
FNF:1
FNH:1
FNDA:7,(anonymous_4)
DA:1,7
DA:4,7
DA:5,7
DA:8,7
DA:15,7
LF:5
LH:5
BRF:0
BRH:0
end_of_record
TN:
SF:src\routers\index.ts
FN:1,(anonymous_0)
FN:2,(anonymous_1)
FNF:2
FNH:1
FNDA:7,(anonymous_0)
FNDA:0,(anonymous_1)
DA:1,14
DA:2,7
LF:2
LH:2
BRF:0
BRH:0
end_of_record
TN:
SF:src\routers\types.ts
FN:3,(anonymous_0)
FNF:1
FNH:1
FNDA:7,(anonymous_0)
DA:3,7
DA:4,7
DA:5,7
DA:6,7
DA:7,7
LF:5
LH:5
BRDA:3,0,0,7
BRDA:3,0,1,7
BRF:2
BRH:2
end_of_record
TN:
SF:src\routers\user.router.ts
FN:11,(anonymous_4)
FNF:1
FNH:0
FNDA:0,(anonymous_4)
DA:1,7
DA:4,7
DA:5,7
DA:8,7
DA:15,0
LF:5
LH:4
BRF:0
BRH:0
end_of_record
TN:
SF:src\use-cases\implementations\authenticate.ts
FN:10,(anonymous_4)
FN:14,(anonymous_5)
FNF:2
FNH:1
FNDA:7,(anonymous_4)
FNDA:0,(anonymous_5)
DA:1,7
DA:2,7
DA:7,7
DA:11,7
DA:15,0
LF:5
LH:4
BRF:0
BRH:0
end_of_record
TN:
SF:src\use-cases\implementations\create-gym.ts
FN:15,(anonymous_11)
FN:23,(anonymous_12)
FNF:2
FNH:2
FNDA:7,(anonymous_11)
FNDA:3,(anonymous_12)
DA:1,7
DA:2,7
DA:11,7
DA:19,7
DA:20,7
DA:24,3
DA:25,3
DA:26,2
DA:28,1
LF:9
LH:9
BRDA:25,0,0,2
BRDA:25,0,1,1
BRF:2
BRH:2
end_of_record
TN:
SF:src\use-cases\implementations\explore.ts
FN:10,(anonymous_11)
FN:14,(anonymous_12)
FNF:2
FNH:0
FNDA:0,(anonymous_11)
FNDA:0,(anonymous_12)
DA:1,7
DA:2,7
DA:7,7
DA:11,0
DA:15,0
LF:5
LH:3
BRF:0
BRH:0
end_of_record
TN:
SF:src\use-cases\implementations\get-gym.ts
FN:10,(anonymous_4)
FN:14,(anonymous_5)
FNF:2
FNH:1
FNDA:7,(anonymous_4)
FNDA:0,(anonymous_5)
DA:1,7
DA:2,7
DA:7,7
DA:11,7
DA:15,0
LF:5
LH:4
BRF:0
BRH:0
end_of_record
TN:
SF:src\use-cases\implementations\get-nearest-gyms.ts
FN:11,(anonymous_4)
FN:15,(anonymous_5)
FNF:2
FNH:1
FNDA:7,(anonymous_4)
FNDA:0,(anonymous_5)
DA:1,7
DA:2,7
DA:8,7
DA:12,7
DA:16,0
LF:5
LH:4
BRF:0
BRH:0
end_of_record
TN:
SF:src\use-cases\implementations\get-user.ts
FN:10,(anonymous_11)
FN:14,(anonymous_12)
FNF:2
FNH:0
FNDA:0,(anonymous_11)
FNDA:0,(anonymous_12)
DA:1,7
DA:2,7
DA:7,7
DA:11,0
DA:15,0
LF:5
LH:3
BRF:0
BRH:0
end_of_record
TN:
SF:src\use-cases\implementations\index.ts
FN:1,(anonymous_0)
FN:2,(anonymous_1)
FN:3,(anonymous_2)
FN:4,(anonymous_3)
FN:5,(anonymous_4)
FN:6,(anonymous_5)
FNF:6
FNH:6
FNDA:7,(anonymous_0)
FNDA:7,(anonymous_1)
FNDA:7,(anonymous_2)
FNDA:7,(anonymous_3)
FNDA:7,(anonymous_4)
FNDA:7,(anonymous_5)
DA:1,14
DA:2,14
DA:3,14
DA:4,14
DA:5,14
DA:6,14
LF:6
LH:6
BRF:0
BRH:0
end_of_record
TN:
SF:test\helpers\comparisons.ts
FN:8,compareGym
FN:14,compareAddress
FN:21,compareLocation
FN:30,compareExploreUserData
FN:39,comparePublicUserData
FN:49,compareUserData
FNF:6
FNH:6
FNDA:11,compareGym
FNDA:11,compareAddress
FNDA:13,compareLocation
FNDA:4,compareExploreUserData
FNDA:4,comparePublicUserData
FNDA:4,compareUserData
DA:8,5
DA:9,11
DA:10,11
DA:11,11
DA:14,5
DA:15,11
DA:16,11
DA:17,11
DA:18,11
DA:21,5
DA:22,13
DA:23,13
DA:24,13
DA:25,13
DA:26,13
DA:27,13
DA:30,5
DA:34,4
DA:35,4
DA:36,4
DA:39,5
DA:43,4
DA:44,4
DA:45,4
DA:46,4
DA:49,5
DA:50,4
DA:51,4
DA:52,4
DA:53,4
DA:54,4
LF:31
LH:31
BRF:0
BRH:0
end_of_record
TN:
SF:test\mocks\index.ts
FN:1,(anonymous_0)
FN:2,(anonymous_1)
FNF:2
FNH:2
FNDA:1,(anonymous_0)
FNDA:3,(anonymous_1)
DA:1,2
DA:2,4
LF:2
LH:2
BRF:0
BRH:0
end_of_record
TN:
SF:test\mocks\request.ts
FN:7,(anonymous_0)
FN:12,(anonymous_1)
FN:16,(anonymous_2)
FNF:3
FNH:2
FNDA:3,(anonymous_0)
FNDA:0,(anonymous_1)
FNDA:6,(anonymous_2)
DA:3,1
DA:8,3
DA:9,3
DA:13,0
DA:17,6
LF:5
LH:4
BRDA:17,0,0,6
BRDA:17,0,1,0
BRDA:17,1,0,6
BRDA:17,1,1,6
BRF:4
BRH:3
end_of_record
TN:
SF:test\mocks\response.ts
FN:8,(anonymous_0)
FN:14,(anonymous_1)
FN:19,(anonymous_2)
FNF:3
FNH:1
FNDA:1,(anonymous_0)
FNDA:0,(anonymous_1)
FNDA:0,(anonymous_2)
DA:3,1
DA:9,1
DA:10,1
DA:11,1
DA:15,0
DA:16,0
DA:20,0
DA:21,0
LF:8
LH:4
BRF:0
BRH:0
end_of_record
